<?xml version="1.0" encoding="UTF-8"?>
<testsuites name="FCSCMS-731 (Product Catalog Management- View - Edit Product)" time="157.912" tests="20" failures="2" errors="0">
   <testsuite name="FCSCMS-731 (Product Catalog Management- View - Edit Product)" tests="20" failures="2" errors="0" time="157.912" skipped="0" timestamp="2022-03-30 19:14:52" hostname="me - DESKTOP-S7SF50D" id="Test Suites/Sprint 7/FCSCMS-731 (Product Catalog Management- View - Edit Product)">
      <properties>
         <property name="deviceName" value=""/>
         <property name="devicePlatform" value=""/>
         <property name="logFolder" value="C:\\Users\\me\\git\\nexterous-automation\\Reports\\20220330_191433\\Sprint 7\\FCSCMS-731 (Product Catalog Management- View - Edit Product)\\20220330_191433"/>
         <property name="logFiles" value="C:\\Users\\me\\git\\nexterous-automation\\Reports\\20220330_191433\\Sprint 7\\FCSCMS-731 (Product Catalog Management- View - Edit Product)\\20220330_191433\\execution0.log"/>
         <property name="attachments" value="C:\\Users\\me\\git\\nexterous-automation\\Reports\\20220330_191433\\Sprint 7\\FCSCMS-731 (Product Catalog Management- View - Edit Product)\\20220330_191433\\1648639001729.png, C:\\Users\\me\\git\\nexterous-automation\\Reports\\20220330_191433\\Sprint 7\\FCSCMS-731 (Product Catalog Management- View - Edit Product)\\20220330_191433\\1648639040604.png"/>
         <property name="hostName" value="me - DESKTOP-S7SF50D"/>
         <property name="os" value="Windows 10 64bit"/>
         <property name="katalonVersion" value="8.2.5.208"/>
         <property name="browser" value="Chrome 99.0.4844.84"/>
         <property name="hostAddress" value="192.168.100.8"/>
         <property name="sessionId" value="6e29fb1db336d707c7b126cf1be7ebc1"/>
         <property name="seleniumVersion" value="3.141.59"/>
         <property name="proxyInformation" value="ProxyInformation { proxyOption=NO_PROXY, proxyServerType=HTTP, username=, password=********, proxyServerAddress=, proxyServerPort=0, executionList=&quot;&quot;, isApplyToDesiredCapabilities=true }"/>
         <property name="platform" value="Windows 10"/>
      </properties>
      <testcase name="Test Cases/Sprint 7/FCSCMS- 731/FCSCMS-1916-S7 (User should be able to Log in using Admin-Valid credentials)" time="18.309" classname="Test Cases/Sprint 7/FCSCMS- 731/FCSCMS-1916-S7 (User should be able to Log in using Admin-Valid credentials)" status="PASSED">
         <system-out><![CDATA[2022-03-30 19:14:53 - [TEST_CASE][PASSED] - Test Cases/Sprint 7/FCSCMS- 731/FCSCMS-1916-S7 (User should be able to Log in using Admin-Valid credentials): Test Cases/Sprint 7/FCSCMS- 731/FCSCMS-1916-S7 (User should be able to Log in using Admin-Valid credentials)

2022-03-30 19:14:54 - [TEST_STEP][PASSED] - openBrowser(""): Browser is opened with url: ''

2022-03-30 19:14:56 - [MESSAGE][INFO] - Starting 'Chrome' driver

2022-03-30 19:14:56 - [MESSAGE][INFO] - Action delay is set to 0 milliseconds

2022-03-30 19:15:01 - [MESSAGE][PASSED] - Browser is opened with url: ''

2022-03-30 19:15:01 - [TEST_STEP][PASSED] - navigateToUrl("https://nexterus-tst.outsystemsenterprise.com/FusionCenter/Login"): Navigate to 'https://nexterus-tst.outsystemsenterprise.com/FusionCenter/Login' successfully

2022-03-30 19:15:03 - [MESSAGE][PASSED] - Navigate to 'https://nexterus-tst.outsystemsenterprise.com/FusionCenter/Login' successfully

2022-03-30 19:15:03 - [TEST_STEP][PASSED] - maximizeWindow(): Current window maximized

2022-03-30 19:15:03 - [MESSAGE][PASSED] - Current window maximized

2022-03-30 19:15:03 - [TEST_STEP][PASSED] - delay(3): Delayed 3 second(s)

2022-03-30 19:15:06 - [MESSAGE][PASSED] - Delayed 3 second(s)

2022-03-30 19:15:06 - [TEST_STEP][PASSED] - setText(findTestObject("Login/Username_Field"), "admin"): Text 'admin' is set on object 'Object Repository/Login/Username_Field'

2022-03-30 19:15:08 - [MESSAGE][PASSED] - Text 'admin' is set on object 'Object Repository/Login/Username_Field'

2022-03-30 19:15:08 - [TEST_STEP][PASSED] - delay(1): Delayed 1 second(s)

2022-03-30 19:15:09 - [MESSAGE][PASSED] - Delayed 1 second(s)

2022-03-30 19:15:09 - [TEST_STEP][PASSED] - setText(findTestObject("Login/Password_Field"), "admin"): Text 'admin' is set on object 'Object Repository/Login/Password_Field'

2022-03-30 19:15:10 - [MESSAGE][PASSED] - Text 'admin' is set on object 'Object Repository/Login/Password_Field'

2022-03-30 19:15:10 - [TEST_STEP][PASSED] - delay(1): Delayed 1 second(s)

2022-03-30 19:15:11 - [MESSAGE][PASSED] - Delayed 1 second(s)

2022-03-30 19:15:11 - [TEST_STEP][PASSED] - click(findTestObject("Login/BTN_Login")): Object: 'Object Repository/Login/BTN_Login' is clicked on

2022-03-30 19:15:11 - [MESSAGE][PASSED] - Object: 'Object Repository/Login/BTN_Login' is clicked on]]></system-out>
         <system-err><![CDATA[]]></system-err>
      </testcase>
      <testcase name="Test Cases/Sprint 7/FCSCMS- 731/FCSCMS-1917-S7 (User should be able to clicks Product Catalog)" time="13.973" classname="Test Cases/Sprint 7/FCSCMS- 731/FCSCMS-1917-S7 (User should be able to clicks Product Catalog)" status="PASSED">
         <system-out><![CDATA[2022-03-30 19:15:11 - [TEST_CASE][PASSED] - Test Cases/Sprint 7/FCSCMS- 731/FCSCMS-1917-S7 (User should be able to clicks Product Catalog): Test Cases/Sprint 7/FCSCMS- 731/FCSCMS-1917-S7 (User should be able to clicks Product Catalog)

2022-03-30 19:15:12 - [TEST_STEP][PASSED] - click(findTestObject("Admin/Sprint 7/FCSCMS-729/a_Product Catalog")): Object: 'Object Repository/Admin/Sprint 7/FCSCMS-729/a_Product Catalog' is clicked on

2022-03-30 19:15:19 - [MESSAGE][PASSED] - Object: 'Object Repository/Admin/Sprint 7/FCSCMS-729/a_Product Catalog' is clicked on

2022-03-30 19:15:19 - [TEST_STEP][PASSED] - delay(2): Delayed 2 second(s)

2022-03-30 19:15:21 - [MESSAGE][PASSED] - Delayed 2 second(s)

2022-03-30 19:15:21 - [TEST_STEP][PASSED] - click(findTestObject("Admin/Sprint 7/FCSCMS-729/a_Product Catalog")): Object: 'Object Repository/Admin/Sprint 7/FCSCMS-729/a_Product Catalog' is clicked on

2022-03-30 19:15:25 - [MESSAGE][PASSED] - Object: 'Object Repository/Admin/Sprint 7/FCSCMS-729/a_Product Catalog' is clicked on]]></system-out>
         <system-err><![CDATA[]]></system-err>
      </testcase>
      <testcase name="Test Cases/Sprint 7/FCSCMS- 731/FCSCMS-1918-S7 (User should be able to click View-Edit Product button)" time="3.492" classname="Test Cases/Sprint 7/FCSCMS- 731/FCSCMS-1918-S7 (User should be able to click View-Edit Product button)" status="PASSED">
         <system-out><![CDATA[2022-03-30 19:15:25 - [TEST_CASE][PASSED] - Test Cases/Sprint 7/FCSCMS- 731/FCSCMS-1918-S7 (User should be able to click View-Edit Product button): Test Cases/Sprint 7/FCSCMS- 731/FCSCMS-1918-S7 (User should be able to click View-Edit Product button)

2022-03-30 19:15:26 - [TEST_STEP][PASSED] - click(findTestObject("Admin/Sprint 7/FCSCMS-731(NEW)/EditProduct/Edit_Button")): Object: 'Object Repository/Admin/Sprint 7/FCSCMS-731(NEW)/EditProduct/Edit_Button' is clicked on

2022-03-30 19:15:27 - [MESSAGE][PASSED] - Object: 'Object Repository/Admin/Sprint 7/FCSCMS-731(NEW)/EditProduct/Edit_Button' is clicked on

2022-03-30 19:15:27 - [TEST_STEP][PASSED] - delay(2): Delayed 2 second(s)

2022-03-30 19:15:29 - [MESSAGE][PASSED] - Delayed 2 second(s)]]></system-out>
         <system-err><![CDATA[]]></system-err>
      </testcase>
      <testcase name="Test Cases/Sprint 7/FCSCMS- 731/FCSCMS-1919-S7 (User should be able to fill Product description field (mandatory))" time="3.693" classname="Test Cases/Sprint 7/FCSCMS- 731/FCSCMS-1919-S7 (User should be able to fill Product description field (mandatory))" status="PASSED">
         <system-out><![CDATA[2022-03-30 19:15:29 - [TEST_CASE][PASSED] - Test Cases/Sprint 7/FCSCMS- 731/FCSCMS-1919-S7 (User should be able to fill Product description field (mandatory)): Test Cases/Sprint 7/FCSCMS- 731/FCSCMS-1919-S7 (User should be able to fill Product description field (mandatory))

2022-03-30 19:15:29 - [TEST_STEP][PASSED] - clearText(findTestObject("Admin/Sprint 7/FCSCMS-730(NEW)/AddNewProduct/ProductDescription"), STOP_ON_FAILURE): Text of object 'Object Repository/Admin/Sprint 7/FCSCMS-730(NEW)/AddNewProduct/ProductDescription' is cleared

2022-03-30 19:15:29 - [MESSAGE][PASSED] - Text of object 'Object Repository/Admin/Sprint 7/FCSCMS-730(NEW)/AddNewProduct/ProductDescription' is cleared

2022-03-30 19:15:29 - [TEST_STEP][PASSED] - setText(findTestObject("Admin/Sprint 7/FCSCMS-730(NEW)/AddNewProduct/ProductDescription"), "AT Test Description"): Text 'AT Test Description' is set on object 'Object Repository/Admin/Sprint 7/FCSCMS-730(NEW)/AddNewProduct/ProductDescription'

2022-03-30 19:15:30 - [MESSAGE][PASSED] - Text 'AT Test Description' is set on object 'Object Repository/Admin/Sprint 7/FCSCMS-730(NEW)/AddNewProduct/ProductDescription'

2022-03-30 19:15:30 - [TEST_STEP][PASSED] - delay(2): Delayed 2 second(s)

2022-03-30 19:15:32 - [MESSAGE][PASSED] - Delayed 2 second(s)]]></system-out>
         <system-err><![CDATA[]]></system-err>
      </testcase>
      <testcase name="Test Cases/Sprint 7/FCSCMS- 731/FCSCMS-1920-S7 (User should be able to fill Product Code field)" time="3.645" classname="Test Cases/Sprint 7/FCSCMS- 731/FCSCMS-1920-S7 (User should be able to fill Product Code field)" status="PASSED">
         <system-out><![CDATA[2022-03-30 19:15:32 - [TEST_CASE][PASSED] - Test Cases/Sprint 7/FCSCMS- 731/FCSCMS-1920-S7 (User should be able to fill Product Code field): Test Cases/Sprint 7/FCSCMS- 731/FCSCMS-1920-S7 (User should be able to fill Product Code field)

2022-03-30 19:15:33 - [TEST_STEP][PASSED] - clearText(findTestObject("Admin/Sprint 7/FCSCMS-730(NEW)/AddNewProduct/ProductCode"), STOP_ON_FAILURE): Text of object 'Object Repository/Admin/Sprint 7/FCSCMS-730(NEW)/AddNewProduct/ProductCode' is cleared

2022-03-30 19:15:33 - [MESSAGE][PASSED] - Text of object 'Object Repository/Admin/Sprint 7/FCSCMS-730(NEW)/AddNewProduct/ProductCode' is cleared

2022-03-30 19:15:33 - [TEST_STEP][PASSED] - setText(findTestObject("Admin/Sprint 7/FCSCMS-730(NEW)/AddNewProduct/ProductCode"), "AT Test Code"): Text 'AT Test Code' is set on object 'Object Repository/Admin/Sprint 7/FCSCMS-730(NEW)/AddNewProduct/ProductCode'

2022-03-30 19:15:34 - [MESSAGE][PASSED] - Text 'AT Test Code' is set on object 'Object Repository/Admin/Sprint 7/FCSCMS-730(NEW)/AddNewProduct/ProductCode'

2022-03-30 19:15:34 - [TEST_STEP][PASSED] - delay(2): Delayed 2 second(s)

2022-03-30 19:15:36 - [MESSAGE][PASSED] - Delayed 2 second(s)]]></system-out>
         <system-err><![CDATA[]]></system-err>
      </testcase>
      <testcase name="Test Cases/Sprint 7/FCSCMS- 731/FCSCMS-1921-S7 (User should be able to fill Class field)" time="2.637" classname="Test Cases/Sprint 7/FCSCMS- 731/FCSCMS-1921-S7 (User should be able to fill Class field)" status="PASSED">
         <system-out><![CDATA[2022-03-30 19:15:36 - [TEST_CASE][PASSED] - Test Cases/Sprint 7/FCSCMS- 731/FCSCMS-1921-S7 (User should be able to fill Class field): Test Cases/Sprint 7/FCSCMS- 731/FCSCMS-1921-S7 (User should be able to fill Class field)

2022-03-30 19:15:36 - [TEST_STEP][PASSED] - clearText(findTestObject("Admin/Sprint 7/FCSCMS-730(NEW)/AddNewProduct/ProductClass"), STOP_ON_FAILURE): Text of object 'Object Repository/Admin/Sprint 7/FCSCMS-730(NEW)/AddNewProduct/ProductClass' is cleared

2022-03-30 19:15:37 - [MESSAGE][PASSED] - Text of object 'Object Repository/Admin/Sprint 7/FCSCMS-730(NEW)/AddNewProduct/ProductClass' is cleared

2022-03-30 19:15:37 - [TEST_STEP][PASSED] - setText(findTestObject("Admin/Sprint 7/FCSCMS-730(NEW)/AddNewProduct/ProductClass"), "AT Test Class"): Text 'AT Test Class' is set on object 'Object Repository/Admin/Sprint 7/FCSCMS-730(NEW)/AddNewProduct/ProductClass'

2022-03-30 19:15:38 - [MESSAGE][PASSED] - Text 'AT Test Class' is set on object 'Object Repository/Admin/Sprint 7/FCSCMS-730(NEW)/AddNewProduct/ProductClass'

2022-03-30 19:15:38 - [TEST_STEP][PASSED] - delay(1): Delayed 1 second(s)

2022-03-30 19:15:39 - [MESSAGE][PASSED] - Delayed 1 second(s)]]></system-out>
         <system-err><![CDATA[]]></system-err>
      </testcase>
      <testcase name="Test Cases/Sprint 7/FCSCMS- 731/FCSCMS-1922-S7 (User should be able to fill NMFC field)" time="2.726" classname="Test Cases/Sprint 7/FCSCMS- 731/FCSCMS-1922-S7 (User should be able to fill NMFC field)" status="PASSED">
         <system-out><![CDATA[2022-03-30 19:15:39 - [TEST_CASE][PASSED] - Test Cases/Sprint 7/FCSCMS- 731/FCSCMS-1922-S7 (User should be able to fill NMFC field): Test Cases/Sprint 7/FCSCMS- 731/FCSCMS-1922-S7 (User should be able to fill NMFC field)

2022-03-30 19:15:39 - [TEST_STEP][PASSED] - clearText(findTestObject("Admin/Sprint 7/FCSCMS-730(NEW)/AddNewProduct/Input_NMFC"), STOP_ON_FAILURE): Text of object 'Object Repository/Admin/Sprint 7/FCSCMS-730(NEW)/AddNewProduct/Input_NMFC' is cleared

2022-03-30 19:15:39 - [MESSAGE][PASSED] - Text of object 'Object Repository/Admin/Sprint 7/FCSCMS-730(NEW)/AddNewProduct/Input_NMFC' is cleared

2022-03-30 19:15:39 - [TEST_STEP][PASSED] - setText(findTestObject("Admin/Sprint 7/FCSCMS-730(NEW)/AddNewProduct/Input_NMFC"), "1234"): Text '1234' is set on object 'Object Repository/Admin/Sprint 7/FCSCMS-730(NEW)/AddNewProduct/Input_NMFC'

2022-03-30 19:15:40 - [MESSAGE][PASSED] - Text '1234' is set on object 'Object Repository/Admin/Sprint 7/FCSCMS-730(NEW)/AddNewProduct/Input_NMFC'

2022-03-30 19:15:40 - [TEST_STEP][PASSED] - delay(1): Delayed 1 second(s)

2022-03-30 19:15:41 - [MESSAGE][PASSED] - Delayed 1 second(s)]]></system-out>
         <system-err><![CDATA[]]></system-err>
      </testcase>
      <testcase name="Test Cases/Sprint 7/FCSCMS- 731/FCSCMS-1924-S7 (User should be able to select Yes on Hazmat option)" time="4.455" classname="Test Cases/Sprint 7/FCSCMS- 731/FCSCMS-1924-S7 (User should be able to select Yes on Hazmat option)" status="PASSED">
         <system-out><![CDATA[2022-03-30 19:15:41 - [TEST_CASE][PASSED] - Test Cases/Sprint 7/FCSCMS- 731/FCSCMS-1924-S7 (User should be able to select Yes on Hazmat option): Test Cases/Sprint 7/FCSCMS- 731/FCSCMS-1924-S7 (User should be able to select Yes on Hazmat option)

2022-03-30 19:15:42 - [TEST_STEP][PASSED] - click(findTestObject("Admin/Sprint 7/FCSCMS-730(NEW)/AddNewProduct/Hazmat_NO")): Object: 'Object Repository/Admin/Sprint 7/FCSCMS-730(NEW)/AddNewProduct/Hazmat_NO' is clicked on

2022-03-30 19:15:42 - [MESSAGE][PASSED] - Object: 'Object Repository/Admin/Sprint 7/FCSCMS-730(NEW)/AddNewProduct/Hazmat_NO' is clicked on

2022-03-30 19:15:42 - [TEST_STEP][PASSED] - delay(1): Delayed 1 second(s)

2022-03-30 19:15:43 - [MESSAGE][PASSED] - Delayed 1 second(s)

2022-03-30 19:15:43 - [TEST_STEP][PASSED] - click(findTestObject("Admin/Sprint 7/FCSCMS-730(NEW)/AddNewProduct/Hazmat_YES")): Object: 'Object Repository/Admin/Sprint 7/FCSCMS-730(NEW)/AddNewProduct/Hazmat_YES' is clicked on

2022-03-30 19:15:44 - [MESSAGE][PASSED] - Object: 'Object Repository/Admin/Sprint 7/FCSCMS-730(NEW)/AddNewProduct/Hazmat_YES' is clicked on

2022-03-30 19:15:44 - [TEST_STEP][PASSED] - delay(2): Delayed 2 second(s)

2022-03-30 19:15:46 - [MESSAGE][PASSED] - Delayed 2 second(s)]]></system-out>
         <system-err><![CDATA[]]></system-err>
      </testcase>
      <testcase name="Test Cases/Sprint 7/FCSCMS- 731/FCSCMS-1925-S7 (User should be able to fill UN-AN Number field)" time="2.705" classname="Test Cases/Sprint 7/FCSCMS- 731/FCSCMS-1925-S7 (User should be able to fill UN-AN Number field)" status="PASSED">
         <system-out><![CDATA[2022-03-30 19:15:46 - [TEST_CASE][PASSED] - Test Cases/Sprint 7/FCSCMS- 731/FCSCMS-1925-S7 (User should be able to fill UN-AN Number field): Test Cases/Sprint 7/FCSCMS- 731/FCSCMS-1925-S7 (User should be able to fill UN-AN Number field)

2022-03-30 19:15:46 - [TEST_STEP][PASSED] - clearText(findTestObject("Admin/Sprint 7/FCSCMS-730(NEW)/AddNewProduct/input_UN  NA Number"), STOP_ON_FAILURE): Text of object 'Object Repository/Admin/Sprint 7/FCSCMS-730(NEW)/AddNewProduct/input_UN  NA Number' is cleared

2022-03-30 19:15:47 - [MESSAGE][PASSED] - Text of object 'Object Repository/Admin/Sprint 7/FCSCMS-730(NEW)/AddNewProduct/input_UN  NA Number' is cleared

2022-03-30 19:15:47 - [TEST_STEP][PASSED] - setText(findTestObject("Admin/Sprint 7/FCSCMS-730(NEW)/AddNewProduct/input_UN  NA Number"), "1324"): Text '1324' is set on object 'Object Repository/Admin/Sprint 7/FCSCMS-730(NEW)/AddNewProduct/input_UN  NA Number'

2022-03-30 19:15:47 - [MESSAGE][PASSED] - Text '1324' is set on object 'Object Repository/Admin/Sprint 7/FCSCMS-730(NEW)/AddNewProduct/input_UN  NA Number'

2022-03-30 19:15:47 - [TEST_STEP][PASSED] - delay(1): Delayed 1 second(s)

2022-03-30 19:15:48 - [MESSAGE][PASSED] - Delayed 1 second(s)]]></system-out>
         <system-err><![CDATA[]]></system-err>
      </testcase>
      <testcase name="Test Cases/Sprint 7/FCSCMS- 731/FCSCMS-1926-S7 (User should be able to fill Hazmat Description field)" time="3.64" classname="Test Cases/Sprint 7/FCSCMS- 731/FCSCMS-1926-S7 (User should be able to fill Hazmat Description field)" status="PASSED">
         <system-out><![CDATA[2022-03-30 19:15:48 - [TEST_CASE][PASSED] - Test Cases/Sprint 7/FCSCMS- 731/FCSCMS-1926-S7 (User should be able to fill Hazmat Description field): Test Cases/Sprint 7/FCSCMS- 731/FCSCMS-1926-S7 (User should be able to fill Hazmat Description field)

2022-03-30 19:15:49 - [TEST_STEP][PASSED] - clearText(findTestObject("Admin/Sprint 7/FCSCMS-730(NEW)/AddNewProduct/HazmatDescription"), STOP_ON_FAILURE): Text of object 'Object Repository/Admin/Sprint 7/FCSCMS-730(NEW)/AddNewProduct/HazmatDescription' is cleared

2022-03-30 19:15:49 - [MESSAGE][PASSED] - Text of object 'Object Repository/Admin/Sprint 7/FCSCMS-730(NEW)/AddNewProduct/HazmatDescription' is cleared

2022-03-30 19:15:49 - [TEST_STEP][PASSED] - setText(findTestObject("Admin/Sprint 7/FCSCMS-730(NEW)/AddNewProduct/HazmatDescription"), "Automation Test Description"): Text 'Automation Test Description' is set on object 'Object Repository/Admin/Sprint 7/FCSCMS-730(NEW)/AddNewProduct/HazmatDescription'

2022-03-30 19:15:50 - [MESSAGE][PASSED] - Text 'Automation Test Description' is set on object 'Object Repository/Admin/Sprint 7/FCSCMS-730(NEW)/AddNewProduct/HazmatDescription'

2022-03-30 19:15:50 - [TEST_STEP][PASSED] - delay(2): Delayed 2 second(s)

2022-03-30 19:15:52 - [MESSAGE][PASSED] - Delayed 2 second(s)]]></system-out>
         <system-err><![CDATA[]]></system-err>
      </testcase>
      <testcase name="Test Cases/Sprint 7/FCSCMS- 731/FCSCMS-1927- S7 (User should to click Delete text button)" time="2.846" classname="Test Cases/Sprint 7/FCSCMS- 731/FCSCMS-1927- S7 (User should to click Delete text button)" status="PASSED">
         <system-out><![CDATA[2022-03-30 19:15:52 - [TEST_CASE][PASSED] - Test Cases/Sprint 7/FCSCMS- 731/FCSCMS-1927- S7 (User should to click Delete text button): Test Cases/Sprint 7/FCSCMS- 731/FCSCMS-1927- S7 (User should to click Delete text button)

2022-03-30 19:15:53 - [TEST_STEP][PASSED] - click(findTestObject("Admin/Sprint 7/FCSCMS-731(NEW)/Delete/button_Delete")): Object: 'Object Repository/Admin/Sprint 7/FCSCMS-731(NEW)/Delete/button_Delete' is clicked on

2022-03-30 19:15:53 - [MESSAGE][PASSED] - Object: 'Object Repository/Admin/Sprint 7/FCSCMS-731(NEW)/Delete/button_Delete' is clicked on

2022-03-30 19:15:53 - [TEST_STEP][PASSED] - delay(2): Delayed 2 second(s)

2022-03-30 19:15:55 - [MESSAGE][PASSED] - Delayed 2 second(s)]]></system-out>
         <system-err><![CDATA[]]></system-err>
      </testcase>
      <testcase name="Test Cases/Sprint 7/FCSCMS- 731/FCSCMS-1928-S7 (User should be able to select No on Delete modal)" time="2.901" classname="Test Cases/Sprint 7/FCSCMS- 731/FCSCMS-1928-S7 (User should be able to select No on Delete modal)" status="PASSED">
         <system-out><![CDATA[2022-03-30 19:15:55 - [TEST_CASE][PASSED] - Test Cases/Sprint 7/FCSCMS- 731/FCSCMS-1928-S7 (User should be able to select No on Delete modal): Test Cases/Sprint 7/FCSCMS- 731/FCSCMS-1928-S7 (User should be able to select No on Delete modal)

2022-03-30 19:15:55 - [TEST_STEP][PASSED] - click(findTestObject("Admin/Sprint 7/FCSCMS-731(NEW)/Delete/button_No(Delete)")): Object: 'Object Repository/Admin/Sprint 7/FCSCMS-731(NEW)/Delete/button_No(Delete)' is clicked on

2022-03-30 19:15:56 - [MESSAGE][PASSED] - Object: 'Object Repository/Admin/Sprint 7/FCSCMS-731(NEW)/Delete/button_No(Delete)' is clicked on

2022-03-30 19:15:56 - [TEST_STEP][PASSED] - delay(2): Delayed 2 second(s)

2022-03-30 19:15:58 - [MESSAGE][PASSED] - Delayed 2 second(s)]]></system-out>
         <system-err><![CDATA[]]></system-err>
      </testcase>
      <testcase name="Test Cases/Sprint 7/FCSCMS- 731/FCSCMS-1929-S7 (User should be able to select Yes on Delete modal)" time="2.379" classname="Test Cases/Sprint 7/FCSCMS- 731/FCSCMS-1929-S7 (User should be able to select Yes on Delete modal)" status="PASSED">
         <system-out><![CDATA[2022-03-30 19:15:58 - [TEST_CASE][PASSED] - Test Cases/Sprint 7/FCSCMS- 731/FCSCMS-1929-S7 (User should be able to select Yes on Delete modal): Test Cases/Sprint 7/FCSCMS- 731/FCSCMS-1929-S7 (User should be able to select Yes on Delete modal)

2022-03-30 19:15:58 - [TEST_STEP][PASSED] - delay(2): Delayed 2 second(s)

2022-03-30 19:16:00 - [MESSAGE][PASSED] - Delayed 2 second(s)]]></system-out>
         <system-err><![CDATA[]]></system-err>
      </testcase>
      <testcase name="Test Cases/Sprint 7/FCSCMS- 731/FCSCMS-1930-S7 (User should be able to click Cancel button)" time="2.836" classname="Test Cases/Sprint 7/FCSCMS- 731/FCSCMS-1930-S7 (User should be able to click Cancel button)" status="PASSED">
         <system-out><![CDATA[2022-03-30 19:16:00 - [TEST_CASE][PASSED] - Test Cases/Sprint 7/FCSCMS- 731/FCSCMS-1930-S7 (User should be able to click Cancel button): Test Cases/Sprint 7/FCSCMS- 731/FCSCMS-1930-S7 (User should be able to click Cancel button)

2022-03-30 19:16:01 - [TEST_STEP][PASSED] - click(findTestObject("Admin/Sprint 7/FCSCMS-731(NEW)/Modal Buttons/button_Cancel")): Object: 'Object Repository/Admin/Sprint 7/FCSCMS-731(NEW)/Modal Buttons/button_Cancel' is clicked on

2022-03-30 19:16:01 - [MESSAGE][PASSED] - Object: 'Object Repository/Admin/Sprint 7/FCSCMS-731(NEW)/Modal Buttons/button_Cancel' is clicked on

2022-03-30 19:16:01 - [TEST_STEP][PASSED] - delay(2): Delayed 2 second(s)

2022-03-30 19:16:03 - [MESSAGE][PASSED] - Delayed 2 second(s)]]></system-out>
         <system-err><![CDATA[]]></system-err>
      </testcase>
      <testcase name="Test Cases/Sprint 7/FCSCMS- 731/FCSCMS-1931-S7 (User should be able to select No on Cancel process)" time="2.829" classname="Test Cases/Sprint 7/FCSCMS- 731/FCSCMS-1931-S7 (User should be able to select No on Cancel process)" status="PASSED">
         <system-out><![CDATA[2022-03-30 19:16:03 - [TEST_CASE][PASSED] - Test Cases/Sprint 7/FCSCMS- 731/FCSCMS-1931-S7 (User should be able to select No on Cancel process): Test Cases/Sprint 7/FCSCMS- 731/FCSCMS-1931-S7 (User should be able to select No on Cancel process)

2022-03-30 19:16:04 - [TEST_STEP][PASSED] - click(findTestObject("Admin/Sprint 7/FCSCMS-731(NEW)/Modal Buttons/button_No(Cancel)")): Object: 'Object Repository/Admin/Sprint 7/FCSCMS-731(NEW)/Modal Buttons/button_No(Cancel)' is clicked on

2022-03-30 19:16:04 - [MESSAGE][PASSED] - Object: 'Object Repository/Admin/Sprint 7/FCSCMS-731(NEW)/Modal Buttons/button_No(Cancel)' is clicked on

2022-03-30 19:16:04 - [TEST_STEP][PASSED] - delay(2): Delayed 2 second(s)

2022-03-30 19:16:06 - [MESSAGE][PASSED] - Delayed 2 second(s)]]></system-out>
         <system-err><![CDATA[]]></system-err>
      </testcase>
      <testcase name="Test Cases/Sprint 7/FCSCMS- 731/FCSCMS-1932-S7 (User should be able to select Yes on Cancel process)" time="35.41" classname="Test Cases/Sprint 7/FCSCMS- 731/FCSCMS-1932-S7 (User should be able to select Yes on Cancel process)" status="FAILED">
         <failure type="FAILED" message="Test Cases/Sprint 7/FCSCMS- 731/FCSCMS-1932-S7 (User should be able to select Yes on Cancel process) FAILED.
Reason:
com.kms.katalon.core.exception.StepFailedException: Unable to click on object 'Object Repository/Admin/Sprint 7/FCSCMS-731(NEW)/EditProduct/Edit_Button'
	at com.kms.katalon.core.webui.keyword.internal.WebUIKeywordMain.stepFailed(WebUIKeywordMain.groovy:64)
	at com.kms.katalon.core.webui.keyword.internal.WebUIKeywordMain.runKeyword(WebUIKeywordMain.groovy:26)
	at com.kms.katalon.core.webui.keyword.builtin.ClickKeyword.click(ClickKeyword.groovy:74)
	at com.kms.katalon.core.webui.keyword.builtin.ClickKeyword.execute(ClickKeyword.groovy:40)
	at com.kms.katalon.core.keyword.internal.KeywordExecutor.executeKeywordForPlatform(KeywordExecutor.groovy:74)
	at com.kms.katalon.core.webui.keyword.WebUiBuiltInKeywords.click(WebUiBuiltInKeywords.groovy:620)
	at com.kms.katalon.core.webui.keyword.WebUiBuiltInKeywords$click$3.call(Unknown Source)
	at FCSCMS-1932-S7 (User should be able to select Yes on Cancel process).run(FCSCMS-1932-S7 (User should be able to select Yes on Cancel process):21)
	at com.kms.katalon.core.main.ScriptEngine.run(ScriptEngine.java:194)
	at com.kms.katalon.core.main.ScriptEngine.runScriptAsRawText(ScriptEngine.java:119)
	at com.kms.katalon.core.main.TestCaseExecutor.runScript(TestCaseExecutor.java:442)
	at com.kms.katalon.core.main.TestCaseExecutor.doExecute(TestCaseExecutor.java:433)
	at com.kms.katalon.core.main.TestCaseExecutor.processExecutionPhase(TestCaseExecutor.java:412)
	at com.kms.katalon.core.main.TestCaseExecutor.accessMainPhase(TestCaseExecutor.java:404)
	at com.kms.katalon.core.main.TestCaseExecutor.execute(TestCaseExecutor.java:281)
	at com.kms.katalon.core.main.TestSuiteExecutor.accessTestCaseMainPhase(TestSuiteExecutor.java:202)
	at com.kms.katalon.core.main.TestSuiteExecutor.accessTestSuiteMainPhase(TestSuiteExecutor.java:164)
	at com.kms.katalon.core.main.TestSuiteExecutor.execute(TestSuiteExecutor.java:105)
	at com.kms.katalon.core.main.TestCaseMain.startTestSuite(TestCaseMain.java:185)
	at com.kms.katalon.core.main.TestCaseMain$startTestSuite$0.call(Unknown Source)
	at TempTestSuite1648638873722.run(TempTestSuite1648638873722.groovy:36)
Caused by: org.openqa.selenium.ElementClickInterceptedException: element click intercepted: Element &lt;img data-image=&quot;&quot; src=&quot;/Organization_UI/img/Common_LIB.Pencil.svg?r8b2ORsIcWH0Lj9V48JVHQ&quot;> is not clickable at point (298, 300). Other element would receive the click: &lt;div data-block=&quot;Interaction.Sidebar&quot; class=&quot;OSBlockWidget popup-backdrop&quot; id=&quot;b3-ProductDetailsPanel&quot; data-popup-backdrop=&quot;&quot;>...&lt;/div>
  (Session info: chrome=99.0.4844.84)
Build info: version: '3.141.59', revision: 'e82be7d358', time: '2018-11-14T08:25:53'
System info: host: 'DESKTOP-S7SF50D', ip: '192.168.100.8', os.name: 'Windows 10', os.arch: 'amd64', os.version: '10.0', java.version: '1.8.0_181'
Driver info: com.kms.katalon.selenium.driver.CChromeDriver
Capabilities {acceptInsecureCerts: false, browserName: chrome, browserVersion: 99.0.4844.84, chrome: {chromedriverVersion: 99.0.4844.51 (d537ec02474b5..., userDataDir: C:\Users\me\AppData\Local\T...}, goog:chromeOptions: {debuggerAddress: localhost:62858}, javascriptEnabled: true, networkConnectionEnabled: false, pageLoadStrategy: normal, platform: WINDOWS, platformName: WINDOWS, proxy: Proxy(), setWindowRect: true, strictFileInteractability: false, timeouts: {implicit: 0, pageLoad: 300000, script: 30000}, unhandledPromptBehavior: dismiss and notify, webauthn:extension:credBlob: true, webauthn:extension:largeBlob: true, webauthn:virtualAuthenticators: true}
Session ID: 6e29fb1db336d707c7b126cf1be7ebc1
	at org.openqa.selenium.remote.http.W3CHttpResponseCodec.createException(W3CHttpResponseCodec.java:187)
	at org.openqa.selenium.remote.http.W3CHttpResponseCodec.decode(W3CHttpResponseCodec.java:122)
	at org.openqa.selenium.remote.http.W3CHttpResponseCodec.decode(W3CHttpResponseCodec.java:49)
	at org.openqa.selenium.remote.HttpCommandExecutor.execute(HttpCommandExecutor.java:158)
	at org.openqa.selenium.remote.service.DriverCommandExecutor.execute(DriverCommandExecutor.java:83)
	at org.openqa.selenium.remote.RemoteWebDriver.execute(RemoteWebDriver.java:552)
	at com.kms.katalon.selenium.driver.CChromeDriver.execute(CChromeDriver.java:19)
	at org.openqa.selenium.remote.RemoteWebElement.execute(RemoteWebElement.java:285)
	at org.openqa.selenium.remote.RemoteWebElement.click(RemoteWebElement.java:84)
	at org.openqa.selenium.support.events.EventFiringWebDriver$EventFiringWebElement.lambda$new$0(EventFiringWebDriver.java:404)
	at com.sun.proxy.$Proxy11.click(Unknown Source)
	at org.openqa.selenium.support.events.EventFiringWebDriver$EventFiringWebElement.click(EventFiringWebDriver.java:417)
	at org.openqa.selenium.WebElement$click.call(Unknown Source)
	at com.kms.katalon.core.webui.keyword.builtin.ClickKeyword.clickUntilSuccessWithTimeout(ClickKeyword.groovy:81)
	at com.kms.katalon.core.webui.keyword.builtin.ClickKeyword.clickUntilSuccessWithTimeout(ClickKeyword.groovy)
	at com.kms.katalon.core.webui.keyword.builtin.ClickKeyword$_click_closure1.doCall(ClickKeyword.groovy:67)
	at com.kms.katalon.core.webui.keyword.builtin.ClickKeyword$_click_closure1.call(ClickKeyword.groovy)
	at com.kms.katalon.core.webui.keyword.internal.WebUIKeywordMain.runKeyword(WebUIKeywordMain.groovy:20)
	... 19 more
"/>
         <system-out><![CDATA[2022-03-30 19:16:06 - [TEST_CASE][FAILED] - Test Cases/Sprint 7/FCSCMS- 731/FCSCMS-1932-S7 (User should be able to select Yes on Cancel process): Test Cases/Sprint 7/FCSCMS- 731/FCSCMS-1932-S7 (User should be able to select Yes on Cancel process) FAILED.
Reason:
com.kms.katalon.core.exception.StepFailedException: Unable to click on object 'Object Repository/Admin/Sprint 7/FCSCMS-731(NEW)/EditProduct/Edit_Button'
	at com.kms.katalon.core.webui.keyword.internal.WebUIKeywordMain.stepFailed(WebUIKeywordMain.groovy:64)
	at com.kms.katalon.core.webui.keyword.internal.WebUIKeywordMain.runKeyword(WebUIKeywordMain.groovy:26)
	at com.kms.katalon.core.webui.keyword.builtin.ClickKeyword.click(ClickKeyword.groovy:74)
	at com.kms.katalon.core.webui.keyword.builtin.ClickKeyword.execute(ClickKeyword.groovy:40)
	at com.kms.katalon.core.keyword.internal.KeywordExecutor.executeKeywordForPlatform(KeywordExecutor.groovy:74)
	at com.kms.katalon.core.webui.keyword.WebUiBuiltInKeywords.click(WebUiBuiltInKeywords.groovy:620)
	at com.kms.katalon.core.webui.keyword.WebUiBuiltInKeywords$click$3.call(Unknown Source)
	at FCSCMS-1932-S7 (User should be able to select Yes on Cancel process).run(FCSCMS-1932-S7 (User should be able to select Yes on Cancel process):21)
	at com.kms.katalon.core.main.ScriptEngine.run(ScriptEngine.java:194)
	at com.kms.katalon.core.main.ScriptEngine.runScriptAsRawText(ScriptEngine.java:119)
	at com.kms.katalon.core.main.TestCaseExecutor.runScript(TestCaseExecutor.java:442)
	at com.kms.katalon.core.main.TestCaseExecutor.doExecute(TestCaseExecutor.java:433)
	at com.kms.katalon.core.main.TestCaseExecutor.processExecutionPhase(TestCaseExecutor.java:412)
	at com.kms.katalon.core.main.TestCaseExecutor.accessMainPhase(TestCaseExecutor.java:404)
	at com.kms.katalon.core.main.TestCaseExecutor.execute(TestCaseExecutor.java:281)
	at com.kms.katalon.core.main.TestSuiteExecutor.accessTestCaseMainPhase(TestSuiteExecutor.java:202)
	at com.kms.katalon.core.main.TestSuiteExecutor.accessTestSuiteMainPhase(TestSuiteExecutor.java:164)
	at com.kms.katalon.core.main.TestSuiteExecutor.execute(TestSuiteExecutor.java:105)
	at com.kms.katalon.core.main.TestCaseMain.startTestSuite(TestCaseMain.java:185)
	at com.kms.katalon.core.main.TestCaseMain$startTestSuite$0.call(Unknown Source)
	at TempTestSuite1648638873722.run(TempTestSuite1648638873722.groovy:36)
Caused by: org.openqa.selenium.ElementClickInterceptedException: element click intercepted: Element <img data-image="" src="/Organization_UI/img/Common_LIB.Pencil.svg?r8b2ORsIcWH0Lj9V48JVHQ"> is not clickable at point (298, 300). Other element would receive the click: <div data-block="Interaction.Sidebar" class="OSBlockWidget popup-backdrop" id="b3-ProductDetailsPanel" data-popup-backdrop="">...</div>
  (Session info: chrome=99.0.4844.84)
Build info: version: '3.141.59', revision: 'e82be7d358', time: '2018-11-14T08:25:53'
System info: host: 'DESKTOP-S7SF50D', ip: '192.168.100.8', os.name: 'Windows 10', os.arch: 'amd64', os.version: '10.0', java.version: '1.8.0_181'
Driver info: com.kms.katalon.selenium.driver.CChromeDriver
Capabilities {acceptInsecureCerts: false, browserName: chrome, browserVersion: 99.0.4844.84, chrome: {chromedriverVersion: 99.0.4844.51 (d537ec02474b5..., userDataDir: C:\Users\me\AppData\Local\T...}, goog:chromeOptions: {debuggerAddress: localhost:62858}, javascriptEnabled: true, networkConnectionEnabled: false, pageLoadStrategy: normal, platform: WINDOWS, platformName: WINDOWS, proxy: Proxy(), setWindowRect: true, strictFileInteractability: false, timeouts: {implicit: 0, pageLoad: 300000, script: 30000}, unhandledPromptBehavior: dismiss and notify, webauthn:extension:credBlob: true, webauthn:extension:largeBlob: true, webauthn:virtualAuthenticators: true}
Session ID: 6e29fb1db336d707c7b126cf1be7ebc1
	at org.openqa.selenium.remote.http.W3CHttpResponseCodec.createException(W3CHttpResponseCodec.java:187)
	at org.openqa.selenium.remote.http.W3CHttpResponseCodec.decode(W3CHttpResponseCodec.java:122)
	at org.openqa.selenium.remote.http.W3CHttpResponseCodec.decode(W3CHttpResponseCodec.java:49)
	at org.openqa.selenium.remote.HttpCommandExecutor.execute(HttpCommandExecutor.java:158)
	at org.openqa.selenium.remote.service.DriverCommandExecutor.execute(DriverCommandExecutor.java:83)
	at org.openqa.selenium.remote.RemoteWebDriver.execute(RemoteWebDriver.java:552)
	at com.kms.katalon.selenium.driver.CChromeDriver.execute(CChromeDriver.java:19)
	at org.openqa.selenium.remote.RemoteWebElement.execute(RemoteWebElement.java:285)
	at org.openqa.selenium.remote.RemoteWebElement.click(RemoteWebElement.java:84)
	at org.openqa.selenium.support.events.EventFiringWebDriver$EventFiringWebElement.lambda$new$0(EventFiringWebDriver.java:404)
	at com.sun.proxy.$Proxy11.click(Unknown Source)
	at org.openqa.selenium.support.events.EventFiringWebDriver$EventFiringWebElement.click(EventFiringWebDriver.java:417)
	at org.openqa.selenium.WebElement$click.call(Unknown Source)
	at com.kms.katalon.core.webui.keyword.builtin.ClickKeyword.clickUntilSuccessWithTimeout(ClickKeyword.groovy:81)
	at com.kms.katalon.core.webui.keyword.builtin.ClickKeyword.clickUntilSuccessWithTimeout(ClickKeyword.groovy)
	at com.kms.katalon.core.webui.keyword.builtin.ClickKeyword$_click_closure1.doCall(ClickKeyword.groovy:67)
	at com.kms.katalon.core.webui.keyword.builtin.ClickKeyword$_click_closure1.call(ClickKeyword.groovy)
	at com.kms.katalon.core.webui.keyword.internal.WebUIKeywordMain.runKeyword(WebUIKeywordMain.groovy:20)
	... 19 more


2022-03-30 19:16:06 - [TEST_STEP][PASSED] - delay(2): Delayed 2 second(s)

2022-03-30 19:16:08 - [MESSAGE][PASSED] - Delayed 2 second(s)

2022-03-30 19:16:08 - [TEST_STEP][FAILED] - click(findTestObject("Admin/Sprint 7/FCSCMS-731(NEW)/EditProduct/Edit_Button")): Unable to click on object 'Object Repository/Admin/Sprint 7/FCSCMS-731(NEW)/EditProduct/Edit_Button' (Root cause: com.kms.katalon.core.exception.StepFailedException: Unable to click on object 'Object Repository/Admin/Sprint 7/FCSCMS-731(NEW)/EditProduct/Edit_Button'
	at com.kms.katalon.core.webui.keyword.internal.WebUIKeywordMain.stepFailed(WebUIKeywordMain.groovy:64)
	at com.kms.katalon.core.webui.keyword.internal.WebUIKeywordMain.runKeyword(WebUIKeywordMain.groovy:26)
	at com.kms.katalon.core.webui.keyword.builtin.ClickKeyword.click(ClickKeyword.groovy:74)
	at com.kms.katalon.core.webui.keyword.builtin.ClickKeyword.execute(ClickKeyword.groovy:40)
	at com.kms.katalon.core.keyword.internal.KeywordExecutor.executeKeywordForPlatform(KeywordExecutor.groovy:74)
	at com.kms.katalon.core.webui.keyword.WebUiBuiltInKeywords.click(WebUiBuiltInKeywords.groovy:620)
	at com.kms.katalon.core.webui.keyword.WebUiBuiltInKeywords$click$3.call(Unknown Source)
	at FCSCMS-1932-S7 (User should be able to select Yes on Cancel process).run(FCSCMS-1932-S7 (User should be able to select Yes on Cancel process):21)
	at com.kms.katalon.core.main.ScriptEngine.run(ScriptEngine.java:194)
	at com.kms.katalon.core.main.ScriptEngine.runScriptAsRawText(ScriptEngine.java:119)
	at com.kms.katalon.core.main.TestCaseExecutor.runScript(TestCaseExecutor.java:442)
	at com.kms.katalon.core.main.TestCaseExecutor.doExecute(TestCaseExecutor.java:433)
	at com.kms.katalon.core.main.TestCaseExecutor.processExecutionPhase(TestCaseExecutor.java:412)
	at com.kms.katalon.core.main.TestCaseExecutor.accessMainPhase(TestCaseExecutor.java:404)
	at com.kms.katalon.core.main.TestCaseExecutor.execute(TestCaseExecutor.java:281)
	at com.kms.katalon.core.main.TestSuiteExecutor.accessTestCaseMainPhase(TestSuiteExecutor.java:202)
	at com.kms.katalon.core.main.TestSuiteExecutor.accessTestSuiteMainPhase(TestSuiteExecutor.java:164)
	at com.kms.katalon.core.main.TestSuiteExecutor.execute(TestSuiteExecutor.java:105)
	at com.kms.katalon.core.main.TestCaseMain.startTestSuite(TestCaseMain.java:185)
	at com.kms.katalon.core.main.TestCaseMain$startTestSuite$0.call(Unknown Source)
	at TempTestSuite1648638873722.run(TempTestSuite1648638873722.groovy:36)
Caused by: org.openqa.selenium.ElementClickInterceptedException: element click intercepted: Element <img data-image="" src="/Organization_UI/img/Common_LIB.Pencil.svg?r8b2ORsIcWH0Lj9V48JVHQ"> is not clickable at point (298, 300). Other element would receive the click: <div data-block="Interaction.Sidebar" class="OSBlockWidget popup-backdrop" id="b3-ProductDetailsPanel" data-popup-backdrop="">...</div>
  (Session info: chrome=99.0.4844.84)
Build info: version: '3.141.59', revision: 'e82be7d358', time: '2018-11-14T08:25:53'
System info: host: 'DESKTOP-S7SF50D', ip: '192.168.100.8', os.name: 'Windows 10', os.arch: 'amd64', os.version: '10.0', java.version: '1.8.0_181'
Driver info: com.kms.katalon.selenium.driver.CChromeDriver
Capabilities {acceptInsecureCerts: false, browserName: chrome, browserVersion: 99.0.4844.84, chrome: {chromedriverVersion: 99.0.4844.51 (d537ec02474b5..., userDataDir: C:\Users\me\AppData\Local\T...}, goog:chromeOptions: {debuggerAddress: localhost:62858}, javascriptEnabled: true, networkConnectionEnabled: false, pageLoadStrategy: normal, platform: WINDOWS, platformName: WINDOWS, proxy: Proxy(), setWindowRect: true, strictFileInteractability: false, timeouts: {implicit: 0, pageLoad: 300000, script: 30000}, unhandledPromptBehavior: dismiss and notify, webauthn:extension:credBlob: true, webauthn:extension:largeBlob: true, webauthn:virtualAuthenticators: true}
Session ID: 6e29fb1db336d707c7b126cf1be7ebc1
	at org.openqa.selenium.remote.http.W3CHttpResponseCodec.createException(W3CHttpResponseCodec.java:187)
	at org.openqa.selenium.remote.http.W3CHttpResponseCodec.decode(W3CHttpResponseCodec.java:122)
	at org.openqa.selenium.remote.http.W3CHttpResponseCodec.decode(W3CHttpResponseCodec.java:49)
	at org.openqa.selenium.remote.HttpCommandExecutor.execute(HttpCommandExecutor.java:158)
	at org.openqa.selenium.remote.service.DriverCommandExecutor.execute(DriverCommandExecutor.java:83)
	at org.openqa.selenium.remote.RemoteWebDriver.execute(RemoteWebDriver.java:552)
	at com.kms.katalon.selenium.driver.CChromeDriver.execute(CChromeDriver.java:19)
	at org.openqa.selenium.remote.RemoteWebElement.execute(RemoteWebElement.java:285)
	at org.openqa.selenium.remote.RemoteWebElement.click(RemoteWebElement.java:84)
	at org.openqa.selenium.support.events.EventFiringWebDriver$EventFiringWebElement.lambda$new$0(EventFiringWebDriver.java:404)
	at com.sun.proxy.$Proxy11.click(Unknown Source)
	at org.openqa.selenium.support.events.EventFiringWebDriver$EventFiringWebElement.click(EventFiringWebDriver.java:417)
	at org.openqa.selenium.WebElement$click.call(Unknown Source)
	at com.kms.katalon.core.webui.keyword.builtin.ClickKeyword.clickUntilSuccessWithTimeout(ClickKeyword.groovy:81)
	at com.kms.katalon.core.webui.keyword.builtin.ClickKeyword.clickUntilSuccessWithTimeout(ClickKeyword.groovy)
	at com.kms.katalon.core.webui.keyword.builtin.ClickKeyword$_click_closure1.doCall(ClickKeyword.groovy:67)
	at com.kms.katalon.core.webui.keyword.builtin.ClickKeyword$_click_closure1.call(ClickKeyword.groovy)
	at com.kms.katalon.core.webui.keyword.internal.WebUIKeywordMain.runKeyword(WebUIKeywordMain.groovy:20)
	at com.kms.katalon.core.webui.keyword.builtin.ClickKeyword.click(ClickKeyword.groovy:74)
	at com.kms.katalon.core.webui.keyword.builtin.ClickKeyword.execute(ClickKeyword.groovy:40)
	at com.kms.katalon.core.keyword.internal.KeywordExecutor.executeKeywordForPlatform(KeywordExecutor.groovy:74)
	at com.kms.katalon.core.webui.keyword.WebUiBuiltInKeywords.click(WebUiBuiltInKeywords.groovy:620)
	at com.kms.katalon.core.webui.keyword.WebUiBuiltInKeywords$click$3.call(Unknown Source)
	at Script1645095001576.run(Script1645095001576.groovy:21)
	... 13 more
)

2022-03-30 19:16:41 - [MESSAGE][FAILED] - Unable to click on object 'Object Repository/Admin/Sprint 7/FCSCMS-731(NEW)/EditProduct/Edit_Button' (Root cause: com.kms.katalon.core.exception.StepFailedException: Unable to click on object 'Object Repository/Admin/Sprint 7/FCSCMS-731(NEW)/EditProduct/Edit_Button'
	at com.kms.katalon.core.webui.keyword.internal.WebUIKeywordMain.stepFailed(WebUIKeywordMain.groovy:64)
	at com.kms.katalon.core.webui.keyword.internal.WebUIKeywordMain.runKeyword(WebUIKeywordMain.groovy:26)
	at com.kms.katalon.core.webui.keyword.builtin.ClickKeyword.click(ClickKeyword.groovy:74)
	at com.kms.katalon.core.webui.keyword.builtin.ClickKeyword.execute(ClickKeyword.groovy:40)
	at com.kms.katalon.core.keyword.internal.KeywordExecutor.executeKeywordForPlatform(KeywordExecutor.groovy:74)
	at com.kms.katalon.core.webui.keyword.WebUiBuiltInKeywords.click(WebUiBuiltInKeywords.groovy:620)
	at com.kms.katalon.core.webui.keyword.WebUiBuiltInKeywords$click$3.call(Unknown Source)
	at FCSCMS-1932-S7 (User should be able to select Yes on Cancel process).run(FCSCMS-1932-S7 (User should be able to select Yes on Cancel process):21)
	at com.kms.katalon.core.main.ScriptEngine.run(ScriptEngine.java:194)
	at com.kms.katalon.core.main.ScriptEngine.runScriptAsRawText(ScriptEngine.java:119)
	at com.kms.katalon.core.main.TestCaseExecutor.runScript(TestCaseExecutor.java:442)
	at com.kms.katalon.core.main.TestCaseExecutor.doExecute(TestCaseExecutor.java:433)
	at com.kms.katalon.core.main.TestCaseExecutor.processExecutionPhase(TestCaseExecutor.java:412)
	at com.kms.katalon.core.main.TestCaseExecutor.accessMainPhase(TestCaseExecutor.java:404)
	at com.kms.katalon.core.main.TestCaseExecutor.execute(TestCaseExecutor.java:281)
	at com.kms.katalon.core.main.TestSuiteExecutor.accessTestCaseMainPhase(TestSuiteExecutor.java:202)
	at com.kms.katalon.core.main.TestSuiteExecutor.accessTestSuiteMainPhase(TestSuiteExecutor.java:164)
	at com.kms.katalon.core.main.TestSuiteExecutor.execute(TestSuiteExecutor.java:105)
	at com.kms.katalon.core.main.TestCaseMain.startTestSuite(TestCaseMain.java:185)
	at com.kms.katalon.core.main.TestCaseMain$startTestSuite$0.call(Unknown Source)
	at TempTestSuite1648638873722.run(TempTestSuite1648638873722.groovy:36)
Caused by: org.openqa.selenium.ElementClickInterceptedException: element click intercepted: Element <img data-image="" src="/Organization_UI/img/Common_LIB.Pencil.svg?r8b2ORsIcWH0Lj9V48JVHQ"> is not clickable at point (298, 300). Other element would receive the click: <div data-block="Interaction.Sidebar" class="OSBlockWidget popup-backdrop" id="b3-ProductDetailsPanel" data-popup-backdrop="">...</div>
  (Session info: chrome=99.0.4844.84)
Build info: version: '3.141.59', revision: 'e82be7d358', time: '2018-11-14T08:25:53'
System info: host: 'DESKTOP-S7SF50D', ip: '192.168.100.8', os.name: 'Windows 10', os.arch: 'amd64', os.version: '10.0', java.version: '1.8.0_181'
Driver info: com.kms.katalon.selenium.driver.CChromeDriver
Capabilities {acceptInsecureCerts: false, browserName: chrome, browserVersion: 99.0.4844.84, chrome: {chromedriverVersion: 99.0.4844.51 (d537ec02474b5..., userDataDir: C:\Users\me\AppData\Local\T...}, goog:chromeOptions: {debuggerAddress: localhost:62858}, javascriptEnabled: true, networkConnectionEnabled: false, pageLoadStrategy: normal, platform: WINDOWS, platformName: WINDOWS, proxy: Proxy(), setWindowRect: true, strictFileInteractability: false, timeouts: {implicit: 0, pageLoad: 300000, script: 30000}, unhandledPromptBehavior: dismiss and notify, webauthn:extension:credBlob: true, webauthn:extension:largeBlob: true, webauthn:virtualAuthenticators: true}
Session ID: 6e29fb1db336d707c7b126cf1be7ebc1
	at org.openqa.selenium.remote.http.W3CHttpResponseCodec.createException(W3CHttpResponseCodec.java:187)
	at org.openqa.selenium.remote.http.W3CHttpResponseCodec.decode(W3CHttpResponseCodec.java:122)
	at org.openqa.selenium.remote.http.W3CHttpResponseCodec.decode(W3CHttpResponseCodec.java:49)
	at org.openqa.selenium.remote.HttpCommandExecutor.execute(HttpCommandExecutor.java:158)
	at org.openqa.selenium.remote.service.DriverCommandExecutor.execute(DriverCommandExecutor.java:83)
	at org.openqa.selenium.remote.RemoteWebDriver.execute(RemoteWebDriver.java:552)
	at com.kms.katalon.selenium.driver.CChromeDriver.execute(CChromeDriver.java:19)
	at org.openqa.selenium.remote.RemoteWebElement.execute(RemoteWebElement.java:285)
	at org.openqa.selenium.remote.RemoteWebElement.click(RemoteWebElement.java:84)
	at org.openqa.selenium.support.events.EventFiringWebDriver$EventFiringWebElement.lambda$new$0(EventFiringWebDriver.java:404)
	at com.sun.proxy.$Proxy11.click(Unknown Source)
	at org.openqa.selenium.support.events.EventFiringWebDriver$EventFiringWebElement.click(EventFiringWebDriver.java:417)
	at org.openqa.selenium.WebElement$click.call(Unknown Source)
	at com.kms.katalon.core.webui.keyword.builtin.ClickKeyword.clickUntilSuccessWithTimeout(ClickKeyword.groovy:81)
	at com.kms.katalon.core.webui.keyword.builtin.ClickKeyword.clickUntilSuccessWithTimeout(ClickKeyword.groovy)
	at com.kms.katalon.core.webui.keyword.builtin.ClickKeyword$_click_closure1.doCall(ClickKeyword.groovy:67)
	at com.kms.katalon.core.webui.keyword.builtin.ClickKeyword$_click_closure1.call(ClickKeyword.groovy)
	at com.kms.katalon.core.webui.keyword.internal.WebUIKeywordMain.runKeyword(WebUIKeywordMain.groovy:20)
	at com.kms.katalon.core.webui.keyword.builtin.ClickKeyword.click(ClickKeyword.groovy:74)
	at com.kms.katalon.core.webui.keyword.builtin.ClickKeyword.execute(ClickKeyword.groovy:40)
	at com.kms.katalon.core.keyword.internal.KeywordExecutor.executeKeywordForPlatform(KeywordExecutor.groovy:74)
	at com.kms.katalon.core.webui.keyword.WebUiBuiltInKeywords.click(WebUiBuiltInKeywords.groovy:620)
	at com.kms.katalon.core.webui.keyword.WebUiBuiltInKeywords$click$3.call(Unknown Source)
	at Script1645095001576.run(Script1645095001576.groovy:21)
	... 13 more
)
[[ATTACHMENT|C:\\Users\\me\\git\\nexterous-automation\\Reports\\20220330_191433\\Sprint 7\\FCSCMS-731 (Product Catalog Management- View - Edit Product)\\20220330_191433\\1648639001729.png]]]]></system-out>
         <system-err><![CDATA[2022-03-30 19:16:06 - [TEST_CASE][FAILED] - Test Cases/Sprint 7/FCSCMS- 731/FCSCMS-1932-S7 (User should be able to select Yes on Cancel process): Test Cases/Sprint 7/FCSCMS- 731/FCSCMS-1932-S7 (User should be able to select Yes on Cancel process) FAILED.
Reason:
com.kms.katalon.core.exception.StepFailedException: Unable to click on object 'Object Repository/Admin/Sprint 7/FCSCMS-731(NEW)/EditProduct/Edit_Button'
	at com.kms.katalon.core.webui.keyword.internal.WebUIKeywordMain.stepFailed(WebUIKeywordMain.groovy:64)
	at com.kms.katalon.core.webui.keyword.internal.WebUIKeywordMain.runKeyword(WebUIKeywordMain.groovy:26)
	at com.kms.katalon.core.webui.keyword.builtin.ClickKeyword.click(ClickKeyword.groovy:74)
	at com.kms.katalon.core.webui.keyword.builtin.ClickKeyword.execute(ClickKeyword.groovy:40)
	at com.kms.katalon.core.keyword.internal.KeywordExecutor.executeKeywordForPlatform(KeywordExecutor.groovy:74)
	at com.kms.katalon.core.webui.keyword.WebUiBuiltInKeywords.click(WebUiBuiltInKeywords.groovy:620)
	at com.kms.katalon.core.webui.keyword.WebUiBuiltInKeywords$click$3.call(Unknown Source)
	at FCSCMS-1932-S7 (User should be able to select Yes on Cancel process).run(FCSCMS-1932-S7 (User should be able to select Yes on Cancel process):21)
	at com.kms.katalon.core.main.ScriptEngine.run(ScriptEngine.java:194)
	at com.kms.katalon.core.main.ScriptEngine.runScriptAsRawText(ScriptEngine.java:119)
	at com.kms.katalon.core.main.TestCaseExecutor.runScript(TestCaseExecutor.java:442)
	at com.kms.katalon.core.main.TestCaseExecutor.doExecute(TestCaseExecutor.java:433)
	at com.kms.katalon.core.main.TestCaseExecutor.processExecutionPhase(TestCaseExecutor.java:412)
	at com.kms.katalon.core.main.TestCaseExecutor.accessMainPhase(TestCaseExecutor.java:404)
	at com.kms.katalon.core.main.TestCaseExecutor.execute(TestCaseExecutor.java:281)
	at com.kms.katalon.core.main.TestSuiteExecutor.accessTestCaseMainPhase(TestSuiteExecutor.java:202)
	at com.kms.katalon.core.main.TestSuiteExecutor.accessTestSuiteMainPhase(TestSuiteExecutor.java:164)
	at com.kms.katalon.core.main.TestSuiteExecutor.execute(TestSuiteExecutor.java:105)
	at com.kms.katalon.core.main.TestCaseMain.startTestSuite(TestCaseMain.java:185)
	at com.kms.katalon.core.main.TestCaseMain$startTestSuite$0.call(Unknown Source)
	at TempTestSuite1648638873722.run(TempTestSuite1648638873722.groovy:36)
Caused by: org.openqa.selenium.ElementClickInterceptedException: element click intercepted: Element <img data-image="" src="/Organization_UI/img/Common_LIB.Pencil.svg?r8b2ORsIcWH0Lj9V48JVHQ"> is not clickable at point (298, 300). Other element would receive the click: <div data-block="Interaction.Sidebar" class="OSBlockWidget popup-backdrop" id="b3-ProductDetailsPanel" data-popup-backdrop="">...</div>
  (Session info: chrome=99.0.4844.84)
Build info: version: '3.141.59', revision: 'e82be7d358', time: '2018-11-14T08:25:53'
System info: host: 'DESKTOP-S7SF50D', ip: '192.168.100.8', os.name: 'Windows 10', os.arch: 'amd64', os.version: '10.0', java.version: '1.8.0_181'
Driver info: com.kms.katalon.selenium.driver.CChromeDriver
Capabilities {acceptInsecureCerts: false, browserName: chrome, browserVersion: 99.0.4844.84, chrome: {chromedriverVersion: 99.0.4844.51 (d537ec02474b5..., userDataDir: C:\Users\me\AppData\Local\T...}, goog:chromeOptions: {debuggerAddress: localhost:62858}, javascriptEnabled: true, networkConnectionEnabled: false, pageLoadStrategy: normal, platform: WINDOWS, platformName: WINDOWS, proxy: Proxy(), setWindowRect: true, strictFileInteractability: false, timeouts: {implicit: 0, pageLoad: 300000, script: 30000}, unhandledPromptBehavior: dismiss and notify, webauthn:extension:credBlob: true, webauthn:extension:largeBlob: true, webauthn:virtualAuthenticators: true}
Session ID: 6e29fb1db336d707c7b126cf1be7ebc1
	at org.openqa.selenium.remote.http.W3CHttpResponseCodec.createException(W3CHttpResponseCodec.java:187)
	at org.openqa.selenium.remote.http.W3CHttpResponseCodec.decode(W3CHttpResponseCodec.java:122)
	at org.openqa.selenium.remote.http.W3CHttpResponseCodec.decode(W3CHttpResponseCodec.java:49)
	at org.openqa.selenium.remote.HttpCommandExecutor.execute(HttpCommandExecutor.java:158)
	at org.openqa.selenium.remote.service.DriverCommandExecutor.execute(DriverCommandExecutor.java:83)
	at org.openqa.selenium.remote.RemoteWebDriver.execute(RemoteWebDriver.java:552)
	at com.kms.katalon.selenium.driver.CChromeDriver.execute(CChromeDriver.java:19)
	at org.openqa.selenium.remote.RemoteWebElement.execute(RemoteWebElement.java:285)
	at org.openqa.selenium.remote.RemoteWebElement.click(RemoteWebElement.java:84)
	at org.openqa.selenium.support.events.EventFiringWebDriver$EventFiringWebElement.lambda$new$0(EventFiringWebDriver.java:404)
	at com.sun.proxy.$Proxy11.click(Unknown Source)
	at org.openqa.selenium.support.events.EventFiringWebDriver$EventFiringWebElement.click(EventFiringWebDriver.java:417)
	at org.openqa.selenium.WebElement$click.call(Unknown Source)
	at com.kms.katalon.core.webui.keyword.builtin.ClickKeyword.clickUntilSuccessWithTimeout(ClickKeyword.groovy:81)
	at com.kms.katalon.core.webui.keyword.builtin.ClickKeyword.clickUntilSuccessWithTimeout(ClickKeyword.groovy)
	at com.kms.katalon.core.webui.keyword.builtin.ClickKeyword$_click_closure1.doCall(ClickKeyword.groovy:67)
	at com.kms.katalon.core.webui.keyword.builtin.ClickKeyword$_click_closure1.call(ClickKeyword.groovy)
	at com.kms.katalon.core.webui.keyword.internal.WebUIKeywordMain.runKeyword(WebUIKeywordMain.groovy:20)
	... 19 more]]></system-err>
      </testcase>
      <testcase name="Test Cases/Sprint 7/FCSCMS- 731/FCSCMS-1933-S7 (User should get error notification upon clicking Save button)" time="5.496" classname="Test Cases/Sprint 7/FCSCMS- 731/FCSCMS-1933-S7 (User should get error notification upon clicking Save button)" status="PASSED">
         <system-out><![CDATA[2022-03-30 19:16:41 - [TEST_CASE][PASSED] - Test Cases/Sprint 7/FCSCMS- 731/FCSCMS-1933-S7 (User should get error notification upon clicking Save button): Test Cases/Sprint 7/FCSCMS- 731/FCSCMS-1933-S7 (User should get error notification upon clicking Save button)

2022-03-30 19:16:42 - [TEST_STEP][PASSED] - clearText(findTestObject("Admin/Sprint 7/FCSCMS-730(NEW)/AddNewProduct/ProductDescription")): Text of object 'Object Repository/Admin/Sprint 7/FCSCMS-730(NEW)/AddNewProduct/ProductDescription' is cleared

2022-03-30 19:16:42 - [MESSAGE][PASSED] - Text of object 'Object Repository/Admin/Sprint 7/FCSCMS-730(NEW)/AddNewProduct/ProductDescription' is cleared

2022-03-30 19:16:42 - [TEST_STEP][PASSED] - clearText(findTestObject("Admin/Sprint 7/FCSCMS-730(NEW)/AddNewProduct/ProductCode")): Text of object 'Object Repository/Admin/Sprint 7/FCSCMS-730(NEW)/AddNewProduct/ProductCode' is cleared

2022-03-30 19:16:43 - [MESSAGE][PASSED] - Text of object 'Object Repository/Admin/Sprint 7/FCSCMS-730(NEW)/AddNewProduct/ProductCode' is cleared

2022-03-30 19:16:43 - [TEST_STEP][PASSED] - clearText(findTestObject("Admin/Sprint 7/FCSCMS-730(NEW)/AddNewProduct/ProductClass")): Text of object 'Object Repository/Admin/Sprint 7/FCSCMS-730(NEW)/AddNewProduct/ProductClass' is cleared

2022-03-30 19:16:43 - [MESSAGE][PASSED] - Text of object 'Object Repository/Admin/Sprint 7/FCSCMS-730(NEW)/AddNewProduct/ProductClass' is cleared

2022-03-30 19:16:43 - [TEST_STEP][PASSED] - clearText(findTestObject("Admin/Sprint 7/FCSCMS-730(NEW)/AddNewProduct/Input_NMFC")): Text of object 'Object Repository/Admin/Sprint 7/FCSCMS-730(NEW)/AddNewProduct/Input_NMFC' is cleared

2022-03-30 19:16:44 - [MESSAGE][PASSED] - Text of object 'Object Repository/Admin/Sprint 7/FCSCMS-730(NEW)/AddNewProduct/Input_NMFC' is cleared

2022-03-30 19:16:44 - [TEST_STEP][PASSED] - clearText(findTestObject("Admin/Sprint 7/FCSCMS-730(NEW)/AddNewProduct/input_UN  NA Number")): Text of object 'Object Repository/Admin/Sprint 7/FCSCMS-730(NEW)/AddNewProduct/input_UN  NA Number' is cleared

2022-03-30 19:16:44 - [MESSAGE][PASSED] - Text of object 'Object Repository/Admin/Sprint 7/FCSCMS-730(NEW)/AddNewProduct/input_UN  NA Number' is cleared

2022-03-30 19:16:44 - [TEST_STEP][PASSED] - clearText(findTestObject("Admin/Sprint 7/FCSCMS-730(NEW)/AddNewProduct/HazmatDescription")): Text of object 'Object Repository/Admin/Sprint 7/FCSCMS-730(NEW)/AddNewProduct/HazmatDescription' is cleared

2022-03-30 19:16:44 - [MESSAGE][PASSED] - Text of object 'Object Repository/Admin/Sprint 7/FCSCMS-730(NEW)/AddNewProduct/HazmatDescription' is cleared

2022-03-30 19:16:44 - [TEST_STEP][PASSED] - delay(2): Delayed 2 second(s)

2022-03-30 19:16:46 - [MESSAGE][PASSED] - Delayed 2 second(s)

2022-03-30 19:16:46 - [TEST_STEP][PASSED] - click(findTestObject("Admin/Sprint 7/FCSCMS-731(NEW)/Modal Buttons/button_Save")): Object: 'Object Repository/Admin/Sprint 7/FCSCMS-731(NEW)/Modal Buttons/button_Save' is clicked on

2022-03-30 19:16:47 - [MESSAGE][PASSED] - Object: 'Object Repository/Admin/Sprint 7/FCSCMS-731(NEW)/Modal Buttons/button_Save' is clicked on]]></system-out>
         <system-err><![CDATA[]]></system-err>
      </testcase>
      <testcase name="Test Cases/Sprint 7/FCSCMS- 731/FCSCMS-1934-S7 (User should be able to click Save button)" time="33.327" classname="Test Cases/Sprint 7/FCSCMS- 731/FCSCMS-1934-S7 (User should be able to click Save button)" status="FAILED">
         <failure type="FAILED" message="Test Cases/Sprint 7/FCSCMS- 731/FCSCMS-1934-S7 (User should be able to click Save button) FAILED.
Reason:
com.kms.katalon.core.exception.StepFailedException: Unable to click on object 'Object Repository/Admin/Sprint 7/FCSCMS-731(NEW)/Modal Buttons/button_Cancel'
	at com.kms.katalon.core.webui.keyword.internal.WebUIKeywordMain.stepFailed(WebUIKeywordMain.groovy:64)
	at com.kms.katalon.core.webui.keyword.internal.WebUIKeywordMain.runKeyword(WebUIKeywordMain.groovy:26)
	at com.kms.katalon.core.webui.keyword.builtin.ClickKeyword.click(ClickKeyword.groovy:74)
	at com.kms.katalon.core.webui.keyword.builtin.ClickKeyword.execute(ClickKeyword.groovy:40)
	at com.kms.katalon.core.keyword.internal.KeywordExecutor.executeKeywordForPlatform(KeywordExecutor.groovy:74)
	at com.kms.katalon.core.webui.keyword.WebUiBuiltInKeywords.click(WebUiBuiltInKeywords.groovy:620)
	at com.kms.katalon.core.webui.keyword.WebUiBuiltInKeywords$click$3.call(Unknown Source)
	at FCSCMS-1934-S7 (User should be able to click Save button).run(FCSCMS-1934-S7 (User should be able to click Save button):19)
	at com.kms.katalon.core.main.ScriptEngine.run(ScriptEngine.java:194)
	at com.kms.katalon.core.main.ScriptEngine.runScriptAsRawText(ScriptEngine.java:119)
	at com.kms.katalon.core.main.TestCaseExecutor.runScript(TestCaseExecutor.java:442)
	at com.kms.katalon.core.main.TestCaseExecutor.doExecute(TestCaseExecutor.java:433)
	at com.kms.katalon.core.main.TestCaseExecutor.processExecutionPhase(TestCaseExecutor.java:412)
	at com.kms.katalon.core.main.TestCaseExecutor.accessMainPhase(TestCaseExecutor.java:404)
	at com.kms.katalon.core.main.TestCaseExecutor.execute(TestCaseExecutor.java:281)
	at com.kms.katalon.core.main.TestSuiteExecutor.accessTestCaseMainPhase(TestSuiteExecutor.java:202)
	at com.kms.katalon.core.main.TestSuiteExecutor.accessTestSuiteMainPhase(TestSuiteExecutor.java:164)
	at com.kms.katalon.core.main.TestSuiteExecutor.execute(TestSuiteExecutor.java:105)
	at com.kms.katalon.core.main.TestCaseMain.startTestSuite(TestCaseMain.java:185)
	at com.kms.katalon.core.main.TestCaseMain$startTestSuite$0.call(Unknown Source)
	at TempTestSuite1648638873722.run(TempTestSuite1648638873722.groovy:36)
Caused by: org.openqa.selenium.ElementClickInterceptedException: element click intercepted: Element &lt;button data-button=&quot;&quot; class=&quot;btn btn-secondary cancel-btn ThemeGrid_MarginGutter&quot; type=&quot;button&quot; id=&quot;b3-b23-...FormRecord&quot;>Cancel&lt;/button> is not clickable at point (1041, 459). Other element would receive the click: &lt;div class=&quot;popup-backdrop&quot; data-popup-backdrop=&quot;&quot;>...&lt;/div>
  (Session info: chrome=99.0.4844.84)
Build info: version: '3.141.59', revision: 'e82be7d358', time: '2018-11-14T08:25:53'
System info: host: 'DESKTOP-S7SF50D', ip: '192.168.100.8', os.name: 'Windows 10', os.arch: 'amd64', os.version: '10.0', java.version: '1.8.0_181'
Driver info: com.kms.katalon.selenium.driver.CChromeDriver
Capabilities {acceptInsecureCerts: false, browserName: chrome, browserVersion: 99.0.4844.84, chrome: {chromedriverVersion: 99.0.4844.51 (d537ec02474b5..., userDataDir: C:\Users\me\AppData\Local\T...}, goog:chromeOptions: {debuggerAddress: localhost:62858}, javascriptEnabled: true, networkConnectionEnabled: false, pageLoadStrategy: normal, platform: WINDOWS, platformName: WINDOWS, proxy: Proxy(), setWindowRect: true, strictFileInteractability: false, timeouts: {implicit: 0, pageLoad: 300000, script: 30000}, unhandledPromptBehavior: dismiss and notify, webauthn:extension:credBlob: true, webauthn:extension:largeBlob: true, webauthn:virtualAuthenticators: true}
Session ID: 6e29fb1db336d707c7b126cf1be7ebc1
	at org.openqa.selenium.remote.http.W3CHttpResponseCodec.createException(W3CHttpResponseCodec.java:187)
	at org.openqa.selenium.remote.http.W3CHttpResponseCodec.decode(W3CHttpResponseCodec.java:122)
	at org.openqa.selenium.remote.http.W3CHttpResponseCodec.decode(W3CHttpResponseCodec.java:49)
	at org.openqa.selenium.remote.HttpCommandExecutor.execute(HttpCommandExecutor.java:158)
	at org.openqa.selenium.remote.service.DriverCommandExecutor.execute(DriverCommandExecutor.java:83)
	at org.openqa.selenium.remote.RemoteWebDriver.execute(RemoteWebDriver.java:552)
	at com.kms.katalon.selenium.driver.CChromeDriver.execute(CChromeDriver.java:19)
	at org.openqa.selenium.remote.RemoteWebElement.execute(RemoteWebElement.java:285)
	at org.openqa.selenium.remote.RemoteWebElement.click(RemoteWebElement.java:84)
	at org.openqa.selenium.support.events.EventFiringWebDriver$EventFiringWebElement.lambda$new$0(EventFiringWebDriver.java:404)
	at com.sun.proxy.$Proxy11.click(Unknown Source)
	at org.openqa.selenium.support.events.EventFiringWebDriver$EventFiringWebElement.click(EventFiringWebDriver.java:417)
	at org.openqa.selenium.WebElement$click.call(Unknown Source)
	at com.kms.katalon.core.webui.keyword.builtin.ClickKeyword.clickUntilSuccessWithTimeout(ClickKeyword.groovy:81)
	at com.kms.katalon.core.webui.keyword.builtin.ClickKeyword.clickUntilSuccessWithTimeout(ClickKeyword.groovy)
	at com.kms.katalon.core.webui.keyword.builtin.ClickKeyword$_click_closure1.doCall(ClickKeyword.groovy:67)
	at com.kms.katalon.core.webui.keyword.builtin.ClickKeyword$_click_closure1.call(ClickKeyword.groovy)
	at com.kms.katalon.core.webui.keyword.internal.WebUIKeywordMain.runKeyword(WebUIKeywordMain.groovy:20)
	... 19 more
"/>
         <system-out><![CDATA[2022-03-30 19:16:47 - [TEST_CASE][FAILED] - Test Cases/Sprint 7/FCSCMS- 731/FCSCMS-1934-S7 (User should be able to click Save button): Test Cases/Sprint 7/FCSCMS- 731/FCSCMS-1934-S7 (User should be able to click Save button) FAILED.
Reason:
com.kms.katalon.core.exception.StepFailedException: Unable to click on object 'Object Repository/Admin/Sprint 7/FCSCMS-731(NEW)/Modal Buttons/button_Cancel'
	at com.kms.katalon.core.webui.keyword.internal.WebUIKeywordMain.stepFailed(WebUIKeywordMain.groovy:64)
	at com.kms.katalon.core.webui.keyword.internal.WebUIKeywordMain.runKeyword(WebUIKeywordMain.groovy:26)
	at com.kms.katalon.core.webui.keyword.builtin.ClickKeyword.click(ClickKeyword.groovy:74)
	at com.kms.katalon.core.webui.keyword.builtin.ClickKeyword.execute(ClickKeyword.groovy:40)
	at com.kms.katalon.core.keyword.internal.KeywordExecutor.executeKeywordForPlatform(KeywordExecutor.groovy:74)
	at com.kms.katalon.core.webui.keyword.WebUiBuiltInKeywords.click(WebUiBuiltInKeywords.groovy:620)
	at com.kms.katalon.core.webui.keyword.WebUiBuiltInKeywords$click$3.call(Unknown Source)
	at FCSCMS-1934-S7 (User should be able to click Save button).run(FCSCMS-1934-S7 (User should be able to click Save button):19)
	at com.kms.katalon.core.main.ScriptEngine.run(ScriptEngine.java:194)
	at com.kms.katalon.core.main.ScriptEngine.runScriptAsRawText(ScriptEngine.java:119)
	at com.kms.katalon.core.main.TestCaseExecutor.runScript(TestCaseExecutor.java:442)
	at com.kms.katalon.core.main.TestCaseExecutor.doExecute(TestCaseExecutor.java:433)
	at com.kms.katalon.core.main.TestCaseExecutor.processExecutionPhase(TestCaseExecutor.java:412)
	at com.kms.katalon.core.main.TestCaseExecutor.accessMainPhase(TestCaseExecutor.java:404)
	at com.kms.katalon.core.main.TestCaseExecutor.execute(TestCaseExecutor.java:281)
	at com.kms.katalon.core.main.TestSuiteExecutor.accessTestCaseMainPhase(TestSuiteExecutor.java:202)
	at com.kms.katalon.core.main.TestSuiteExecutor.accessTestSuiteMainPhase(TestSuiteExecutor.java:164)
	at com.kms.katalon.core.main.TestSuiteExecutor.execute(TestSuiteExecutor.java:105)
	at com.kms.katalon.core.main.TestCaseMain.startTestSuite(TestCaseMain.java:185)
	at com.kms.katalon.core.main.TestCaseMain$startTestSuite$0.call(Unknown Source)
	at TempTestSuite1648638873722.run(TempTestSuite1648638873722.groovy:36)
Caused by: org.openqa.selenium.ElementClickInterceptedException: element click intercepted: Element <button data-button="" class="btn btn-secondary cancel-btn ThemeGrid_MarginGutter" type="button" id="b3-b23-...FormRecord">Cancel</button> is not clickable at point (1041, 459). Other element would receive the click: <div class="popup-backdrop" data-popup-backdrop="">...</div>
  (Session info: chrome=99.0.4844.84)
Build info: version: '3.141.59', revision: 'e82be7d358', time: '2018-11-14T08:25:53'
System info: host: 'DESKTOP-S7SF50D', ip: '192.168.100.8', os.name: 'Windows 10', os.arch: 'amd64', os.version: '10.0', java.version: '1.8.0_181'
Driver info: com.kms.katalon.selenium.driver.CChromeDriver
Capabilities {acceptInsecureCerts: false, browserName: chrome, browserVersion: 99.0.4844.84, chrome: {chromedriverVersion: 99.0.4844.51 (d537ec02474b5..., userDataDir: C:\Users\me\AppData\Local\T...}, goog:chromeOptions: {debuggerAddress: localhost:62858}, javascriptEnabled: true, networkConnectionEnabled: false, pageLoadStrategy: normal, platform: WINDOWS, platformName: WINDOWS, proxy: Proxy(), setWindowRect: true, strictFileInteractability: false, timeouts: {implicit: 0, pageLoad: 300000, script: 30000}, unhandledPromptBehavior: dismiss and notify, webauthn:extension:credBlob: true, webauthn:extension:largeBlob: true, webauthn:virtualAuthenticators: true}
Session ID: 6e29fb1db336d707c7b126cf1be7ebc1
	at org.openqa.selenium.remote.http.W3CHttpResponseCodec.createException(W3CHttpResponseCodec.java:187)
	at org.openqa.selenium.remote.http.W3CHttpResponseCodec.decode(W3CHttpResponseCodec.java:122)
	at org.openqa.selenium.remote.http.W3CHttpResponseCodec.decode(W3CHttpResponseCodec.java:49)
	at org.openqa.selenium.remote.HttpCommandExecutor.execute(HttpCommandExecutor.java:158)
	at org.openqa.selenium.remote.service.DriverCommandExecutor.execute(DriverCommandExecutor.java:83)
	at org.openqa.selenium.remote.RemoteWebDriver.execute(RemoteWebDriver.java:552)
	at com.kms.katalon.selenium.driver.CChromeDriver.execute(CChromeDriver.java:19)
	at org.openqa.selenium.remote.RemoteWebElement.execute(RemoteWebElement.java:285)
	at org.openqa.selenium.remote.RemoteWebElement.click(RemoteWebElement.java:84)
	at org.openqa.selenium.support.events.EventFiringWebDriver$EventFiringWebElement.lambda$new$0(EventFiringWebDriver.java:404)
	at com.sun.proxy.$Proxy11.click(Unknown Source)
	at org.openqa.selenium.support.events.EventFiringWebDriver$EventFiringWebElement.click(EventFiringWebDriver.java:417)
	at org.openqa.selenium.WebElement$click.call(Unknown Source)
	at com.kms.katalon.core.webui.keyword.builtin.ClickKeyword.clickUntilSuccessWithTimeout(ClickKeyword.groovy:81)
	at com.kms.katalon.core.webui.keyword.builtin.ClickKeyword.clickUntilSuccessWithTimeout(ClickKeyword.groovy)
	at com.kms.katalon.core.webui.keyword.builtin.ClickKeyword$_click_closure1.doCall(ClickKeyword.groovy:67)
	at com.kms.katalon.core.webui.keyword.builtin.ClickKeyword$_click_closure1.call(ClickKeyword.groovy)
	at com.kms.katalon.core.webui.keyword.internal.WebUIKeywordMain.runKeyword(WebUIKeywordMain.groovy:20)
	... 19 more


2022-03-30 19:16:47 - [TEST_STEP][FAILED] - click(findTestObject("Admin/Sprint 7/FCSCMS-731(NEW)/Modal Buttons/button_Cancel")): Unable to click on object 'Object Repository/Admin/Sprint 7/FCSCMS-731(NEW)/Modal Buttons/button_Cancel' (Root cause: com.kms.katalon.core.exception.StepFailedException: Unable to click on object 'Object Repository/Admin/Sprint 7/FCSCMS-731(NEW)/Modal Buttons/button_Cancel'
	at com.kms.katalon.core.webui.keyword.internal.WebUIKeywordMain.stepFailed(WebUIKeywordMain.groovy:64)
	at com.kms.katalon.core.webui.keyword.internal.WebUIKeywordMain.runKeyword(WebUIKeywordMain.groovy:26)
	at com.kms.katalon.core.webui.keyword.builtin.ClickKeyword.click(ClickKeyword.groovy:74)
	at com.kms.katalon.core.webui.keyword.builtin.ClickKeyword.execute(ClickKeyword.groovy:40)
	at com.kms.katalon.core.keyword.internal.KeywordExecutor.executeKeywordForPlatform(KeywordExecutor.groovy:74)
	at com.kms.katalon.core.webui.keyword.WebUiBuiltInKeywords.click(WebUiBuiltInKeywords.groovy:620)
	at com.kms.katalon.core.webui.keyword.WebUiBuiltInKeywords$click$3.call(Unknown Source)
	at FCSCMS-1934-S7 (User should be able to click Save button).run(FCSCMS-1934-S7 (User should be able to click Save button):19)
	at com.kms.katalon.core.main.ScriptEngine.run(ScriptEngine.java:194)
	at com.kms.katalon.core.main.ScriptEngine.runScriptAsRawText(ScriptEngine.java:119)
	at com.kms.katalon.core.main.TestCaseExecutor.runScript(TestCaseExecutor.java:442)
	at com.kms.katalon.core.main.TestCaseExecutor.doExecute(TestCaseExecutor.java:433)
	at com.kms.katalon.core.main.TestCaseExecutor.processExecutionPhase(TestCaseExecutor.java:412)
	at com.kms.katalon.core.main.TestCaseExecutor.accessMainPhase(TestCaseExecutor.java:404)
	at com.kms.katalon.core.main.TestCaseExecutor.execute(TestCaseExecutor.java:281)
	at com.kms.katalon.core.main.TestSuiteExecutor.accessTestCaseMainPhase(TestSuiteExecutor.java:202)
	at com.kms.katalon.core.main.TestSuiteExecutor.accessTestSuiteMainPhase(TestSuiteExecutor.java:164)
	at com.kms.katalon.core.main.TestSuiteExecutor.execute(TestSuiteExecutor.java:105)
	at com.kms.katalon.core.main.TestCaseMain.startTestSuite(TestCaseMain.java:185)
	at com.kms.katalon.core.main.TestCaseMain$startTestSuite$0.call(Unknown Source)
	at TempTestSuite1648638873722.run(TempTestSuite1648638873722.groovy:36)
Caused by: org.openqa.selenium.ElementClickInterceptedException: element click intercepted: Element <button data-button="" class="btn btn-secondary cancel-btn ThemeGrid_MarginGutter" type="button" id="b3-b23-...FormRecord">Cancel</button> is not clickable at point (1041, 459). Other element would receive the click: <div class="popup-backdrop" data-popup-backdrop="">...</div>
  (Session info: chrome=99.0.4844.84)
Build info: version: '3.141.59', revision: 'e82be7d358', time: '2018-11-14T08:25:53'
System info: host: 'DESKTOP-S7SF50D', ip: '192.168.100.8', os.name: 'Windows 10', os.arch: 'amd64', os.version: '10.0', java.version: '1.8.0_181'
Driver info: com.kms.katalon.selenium.driver.CChromeDriver
Capabilities {acceptInsecureCerts: false, browserName: chrome, browserVersion: 99.0.4844.84, chrome: {chromedriverVersion: 99.0.4844.51 (d537ec02474b5..., userDataDir: C:\Users\me\AppData\Local\T...}, goog:chromeOptions: {debuggerAddress: localhost:62858}, javascriptEnabled: true, networkConnectionEnabled: false, pageLoadStrategy: normal, platform: WINDOWS, platformName: WINDOWS, proxy: Proxy(), setWindowRect: true, strictFileInteractability: false, timeouts: {implicit: 0, pageLoad: 300000, script: 30000}, unhandledPromptBehavior: dismiss and notify, webauthn:extension:credBlob: true, webauthn:extension:largeBlob: true, webauthn:virtualAuthenticators: true}
Session ID: 6e29fb1db336d707c7b126cf1be7ebc1
	at org.openqa.selenium.remote.http.W3CHttpResponseCodec.createException(W3CHttpResponseCodec.java:187)
	at org.openqa.selenium.remote.http.W3CHttpResponseCodec.decode(W3CHttpResponseCodec.java:122)
	at org.openqa.selenium.remote.http.W3CHttpResponseCodec.decode(W3CHttpResponseCodec.java:49)
	at org.openqa.selenium.remote.HttpCommandExecutor.execute(HttpCommandExecutor.java:158)
	at org.openqa.selenium.remote.service.DriverCommandExecutor.execute(DriverCommandExecutor.java:83)
	at org.openqa.selenium.remote.RemoteWebDriver.execute(RemoteWebDriver.java:552)
	at com.kms.katalon.selenium.driver.CChromeDriver.execute(CChromeDriver.java:19)
	at org.openqa.selenium.remote.RemoteWebElement.execute(RemoteWebElement.java:285)
	at org.openqa.selenium.remote.RemoteWebElement.click(RemoteWebElement.java:84)
	at org.openqa.selenium.support.events.EventFiringWebDriver$EventFiringWebElement.lambda$new$0(EventFiringWebDriver.java:404)
	at com.sun.proxy.$Proxy11.click(Unknown Source)
	at org.openqa.selenium.support.events.EventFiringWebDriver$EventFiringWebElement.click(EventFiringWebDriver.java:417)
	at org.openqa.selenium.WebElement$click.call(Unknown Source)
	at com.kms.katalon.core.webui.keyword.builtin.ClickKeyword.clickUntilSuccessWithTimeout(ClickKeyword.groovy:81)
	at com.kms.katalon.core.webui.keyword.builtin.ClickKeyword.clickUntilSuccessWithTimeout(ClickKeyword.groovy)
	at com.kms.katalon.core.webui.keyword.builtin.ClickKeyword$_click_closure1.doCall(ClickKeyword.groovy:67)
	at com.kms.katalon.core.webui.keyword.builtin.ClickKeyword$_click_closure1.call(ClickKeyword.groovy)
	at com.kms.katalon.core.webui.keyword.internal.WebUIKeywordMain.runKeyword(WebUIKeywordMain.groovy:20)
	at com.kms.katalon.core.webui.keyword.builtin.ClickKeyword.click(ClickKeyword.groovy:74)
	at com.kms.katalon.core.webui.keyword.builtin.ClickKeyword.execute(ClickKeyword.groovy:40)
	at com.kms.katalon.core.keyword.internal.KeywordExecutor.executeKeywordForPlatform(KeywordExecutor.groovy:74)
	at com.kms.katalon.core.webui.keyword.WebUiBuiltInKeywords.click(WebUiBuiltInKeywords.groovy:620)
	at com.kms.katalon.core.webui.keyword.WebUiBuiltInKeywords$click$3.call(Unknown Source)
	at Script1645095054624.run(Script1645095054624.groovy:19)
	... 13 more
)

2022-03-30 19:17:20 - [MESSAGE][FAILED] - Unable to click on object 'Object Repository/Admin/Sprint 7/FCSCMS-731(NEW)/Modal Buttons/button_Cancel' (Root cause: com.kms.katalon.core.exception.StepFailedException: Unable to click on object 'Object Repository/Admin/Sprint 7/FCSCMS-731(NEW)/Modal Buttons/button_Cancel'
	at com.kms.katalon.core.webui.keyword.internal.WebUIKeywordMain.stepFailed(WebUIKeywordMain.groovy:64)
	at com.kms.katalon.core.webui.keyword.internal.WebUIKeywordMain.runKeyword(WebUIKeywordMain.groovy:26)
	at com.kms.katalon.core.webui.keyword.builtin.ClickKeyword.click(ClickKeyword.groovy:74)
	at com.kms.katalon.core.webui.keyword.builtin.ClickKeyword.execute(ClickKeyword.groovy:40)
	at com.kms.katalon.core.keyword.internal.KeywordExecutor.executeKeywordForPlatform(KeywordExecutor.groovy:74)
	at com.kms.katalon.core.webui.keyword.WebUiBuiltInKeywords.click(WebUiBuiltInKeywords.groovy:620)
	at com.kms.katalon.core.webui.keyword.WebUiBuiltInKeywords$click$3.call(Unknown Source)
	at FCSCMS-1934-S7 (User should be able to click Save button).run(FCSCMS-1934-S7 (User should be able to click Save button):19)
	at com.kms.katalon.core.main.ScriptEngine.run(ScriptEngine.java:194)
	at com.kms.katalon.core.main.ScriptEngine.runScriptAsRawText(ScriptEngine.java:119)
	at com.kms.katalon.core.main.TestCaseExecutor.runScript(TestCaseExecutor.java:442)
	at com.kms.katalon.core.main.TestCaseExecutor.doExecute(TestCaseExecutor.java:433)
	at com.kms.katalon.core.main.TestCaseExecutor.processExecutionPhase(TestCaseExecutor.java:412)
	at com.kms.katalon.core.main.TestCaseExecutor.accessMainPhase(TestCaseExecutor.java:404)
	at com.kms.katalon.core.main.TestCaseExecutor.execute(TestCaseExecutor.java:281)
	at com.kms.katalon.core.main.TestSuiteExecutor.accessTestCaseMainPhase(TestSuiteExecutor.java:202)
	at com.kms.katalon.core.main.TestSuiteExecutor.accessTestSuiteMainPhase(TestSuiteExecutor.java:164)
	at com.kms.katalon.core.main.TestSuiteExecutor.execute(TestSuiteExecutor.java:105)
	at com.kms.katalon.core.main.TestCaseMain.startTestSuite(TestCaseMain.java:185)
	at com.kms.katalon.core.main.TestCaseMain$startTestSuite$0.call(Unknown Source)
	at TempTestSuite1648638873722.run(TempTestSuite1648638873722.groovy:36)
Caused by: org.openqa.selenium.ElementClickInterceptedException: element click intercepted: Element <button data-button="" class="btn btn-secondary cancel-btn ThemeGrid_MarginGutter" type="button" id="b3-b23-...FormRecord">Cancel</button> is not clickable at point (1041, 459). Other element would receive the click: <div class="popup-backdrop" data-popup-backdrop="">...</div>
  (Session info: chrome=99.0.4844.84)
Build info: version: '3.141.59', revision: 'e82be7d358', time: '2018-11-14T08:25:53'
System info: host: 'DESKTOP-S7SF50D', ip: '192.168.100.8', os.name: 'Windows 10', os.arch: 'amd64', os.version: '10.0', java.version: '1.8.0_181'
Driver info: com.kms.katalon.selenium.driver.CChromeDriver
Capabilities {acceptInsecureCerts: false, browserName: chrome, browserVersion: 99.0.4844.84, chrome: {chromedriverVersion: 99.0.4844.51 (d537ec02474b5..., userDataDir: C:\Users\me\AppData\Local\T...}, goog:chromeOptions: {debuggerAddress: localhost:62858}, javascriptEnabled: true, networkConnectionEnabled: false, pageLoadStrategy: normal, platform: WINDOWS, platformName: WINDOWS, proxy: Proxy(), setWindowRect: true, strictFileInteractability: false, timeouts: {implicit: 0, pageLoad: 300000, script: 30000}, unhandledPromptBehavior: dismiss and notify, webauthn:extension:credBlob: true, webauthn:extension:largeBlob: true, webauthn:virtualAuthenticators: true}
Session ID: 6e29fb1db336d707c7b126cf1be7ebc1
	at org.openqa.selenium.remote.http.W3CHttpResponseCodec.createException(W3CHttpResponseCodec.java:187)
	at org.openqa.selenium.remote.http.W3CHttpResponseCodec.decode(W3CHttpResponseCodec.java:122)
	at org.openqa.selenium.remote.http.W3CHttpResponseCodec.decode(W3CHttpResponseCodec.java:49)
	at org.openqa.selenium.remote.HttpCommandExecutor.execute(HttpCommandExecutor.java:158)
	at org.openqa.selenium.remote.service.DriverCommandExecutor.execute(DriverCommandExecutor.java:83)
	at org.openqa.selenium.remote.RemoteWebDriver.execute(RemoteWebDriver.java:552)
	at com.kms.katalon.selenium.driver.CChromeDriver.execute(CChromeDriver.java:19)
	at org.openqa.selenium.remote.RemoteWebElement.execute(RemoteWebElement.java:285)
	at org.openqa.selenium.remote.RemoteWebElement.click(RemoteWebElement.java:84)
	at org.openqa.selenium.support.events.EventFiringWebDriver$EventFiringWebElement.lambda$new$0(EventFiringWebDriver.java:404)
	at com.sun.proxy.$Proxy11.click(Unknown Source)
	at org.openqa.selenium.support.events.EventFiringWebDriver$EventFiringWebElement.click(EventFiringWebDriver.java:417)
	at org.openqa.selenium.WebElement$click.call(Unknown Source)
	at com.kms.katalon.core.webui.keyword.builtin.ClickKeyword.clickUntilSuccessWithTimeout(ClickKeyword.groovy:81)
	at com.kms.katalon.core.webui.keyword.builtin.ClickKeyword.clickUntilSuccessWithTimeout(ClickKeyword.groovy)
	at com.kms.katalon.core.webui.keyword.builtin.ClickKeyword$_click_closure1.doCall(ClickKeyword.groovy:67)
	at com.kms.katalon.core.webui.keyword.builtin.ClickKeyword$_click_closure1.call(ClickKeyword.groovy)
	at com.kms.katalon.core.webui.keyword.internal.WebUIKeywordMain.runKeyword(WebUIKeywordMain.groovy:20)
	at com.kms.katalon.core.webui.keyword.builtin.ClickKeyword.click(ClickKeyword.groovy:74)
	at com.kms.katalon.core.webui.keyword.builtin.ClickKeyword.execute(ClickKeyword.groovy:40)
	at com.kms.katalon.core.keyword.internal.KeywordExecutor.executeKeywordForPlatform(KeywordExecutor.groovy:74)
	at com.kms.katalon.core.webui.keyword.WebUiBuiltInKeywords.click(WebUiBuiltInKeywords.groovy:620)
	at com.kms.katalon.core.webui.keyword.WebUiBuiltInKeywords$click$3.call(Unknown Source)
	at Script1645095054624.run(Script1645095054624.groovy:19)
	... 13 more
)
[[ATTACHMENT|C:\\Users\\me\\git\\nexterous-automation\\Reports\\20220330_191433\\Sprint 7\\FCSCMS-731 (Product Catalog Management- View - Edit Product)\\20220330_191433\\1648639040604.png]]]]></system-out>
         <system-err><![CDATA[2022-03-30 19:16:47 - [TEST_CASE][FAILED] - Test Cases/Sprint 7/FCSCMS- 731/FCSCMS-1934-S7 (User should be able to click Save button): Test Cases/Sprint 7/FCSCMS- 731/FCSCMS-1934-S7 (User should be able to click Save button) FAILED.
Reason:
com.kms.katalon.core.exception.StepFailedException: Unable to click on object 'Object Repository/Admin/Sprint 7/FCSCMS-731(NEW)/Modal Buttons/button_Cancel'
	at com.kms.katalon.core.webui.keyword.internal.WebUIKeywordMain.stepFailed(WebUIKeywordMain.groovy:64)
	at com.kms.katalon.core.webui.keyword.internal.WebUIKeywordMain.runKeyword(WebUIKeywordMain.groovy:26)
	at com.kms.katalon.core.webui.keyword.builtin.ClickKeyword.click(ClickKeyword.groovy:74)
	at com.kms.katalon.core.webui.keyword.builtin.ClickKeyword.execute(ClickKeyword.groovy:40)
	at com.kms.katalon.core.keyword.internal.KeywordExecutor.executeKeywordForPlatform(KeywordExecutor.groovy:74)
	at com.kms.katalon.core.webui.keyword.WebUiBuiltInKeywords.click(WebUiBuiltInKeywords.groovy:620)
	at com.kms.katalon.core.webui.keyword.WebUiBuiltInKeywords$click$3.call(Unknown Source)
	at FCSCMS-1934-S7 (User should be able to click Save button).run(FCSCMS-1934-S7 (User should be able to click Save button):19)
	at com.kms.katalon.core.main.ScriptEngine.run(ScriptEngine.java:194)
	at com.kms.katalon.core.main.ScriptEngine.runScriptAsRawText(ScriptEngine.java:119)
	at com.kms.katalon.core.main.TestCaseExecutor.runScript(TestCaseExecutor.java:442)
	at com.kms.katalon.core.main.TestCaseExecutor.doExecute(TestCaseExecutor.java:433)
	at com.kms.katalon.core.main.TestCaseExecutor.processExecutionPhase(TestCaseExecutor.java:412)
	at com.kms.katalon.core.main.TestCaseExecutor.accessMainPhase(TestCaseExecutor.java:404)
	at com.kms.katalon.core.main.TestCaseExecutor.execute(TestCaseExecutor.java:281)
	at com.kms.katalon.core.main.TestSuiteExecutor.accessTestCaseMainPhase(TestSuiteExecutor.java:202)
	at com.kms.katalon.core.main.TestSuiteExecutor.accessTestSuiteMainPhase(TestSuiteExecutor.java:164)
	at com.kms.katalon.core.main.TestSuiteExecutor.execute(TestSuiteExecutor.java:105)
	at com.kms.katalon.core.main.TestCaseMain.startTestSuite(TestCaseMain.java:185)
	at com.kms.katalon.core.main.TestCaseMain$startTestSuite$0.call(Unknown Source)
	at TempTestSuite1648638873722.run(TempTestSuite1648638873722.groovy:36)
Caused by: org.openqa.selenium.ElementClickInterceptedException: element click intercepted: Element <button data-button="" class="btn btn-secondary cancel-btn ThemeGrid_MarginGutter" type="button" id="b3-b23-...FormRecord">Cancel</button> is not clickable at point (1041, 459). Other element would receive the click: <div class="popup-backdrop" data-popup-backdrop="">...</div>
  (Session info: chrome=99.0.4844.84)
Build info: version: '3.141.59', revision: 'e82be7d358', time: '2018-11-14T08:25:53'
System info: host: 'DESKTOP-S7SF50D', ip: '192.168.100.8', os.name: 'Windows 10', os.arch: 'amd64', os.version: '10.0', java.version: '1.8.0_181'
Driver info: com.kms.katalon.selenium.driver.CChromeDriver
Capabilities {acceptInsecureCerts: false, browserName: chrome, browserVersion: 99.0.4844.84, chrome: {chromedriverVersion: 99.0.4844.51 (d537ec02474b5..., userDataDir: C:\Users\me\AppData\Local\T...}, goog:chromeOptions: {debuggerAddress: localhost:62858}, javascriptEnabled: true, networkConnectionEnabled: false, pageLoadStrategy: normal, platform: WINDOWS, platformName: WINDOWS, proxy: Proxy(), setWindowRect: true, strictFileInteractability: false, timeouts: {implicit: 0, pageLoad: 300000, script: 30000}, unhandledPromptBehavior: dismiss and notify, webauthn:extension:credBlob: true, webauthn:extension:largeBlob: true, webauthn:virtualAuthenticators: true}
Session ID: 6e29fb1db336d707c7b126cf1be7ebc1
	at org.openqa.selenium.remote.http.W3CHttpResponseCodec.createException(W3CHttpResponseCodec.java:187)
	at org.openqa.selenium.remote.http.W3CHttpResponseCodec.decode(W3CHttpResponseCodec.java:122)
	at org.openqa.selenium.remote.http.W3CHttpResponseCodec.decode(W3CHttpResponseCodec.java:49)
	at org.openqa.selenium.remote.HttpCommandExecutor.execute(HttpCommandExecutor.java:158)
	at org.openqa.selenium.remote.service.DriverCommandExecutor.execute(DriverCommandExecutor.java:83)
	at org.openqa.selenium.remote.RemoteWebDriver.execute(RemoteWebDriver.java:552)
	at com.kms.katalon.selenium.driver.CChromeDriver.execute(CChromeDriver.java:19)
	at org.openqa.selenium.remote.RemoteWebElement.execute(RemoteWebElement.java:285)
	at org.openqa.selenium.remote.RemoteWebElement.click(RemoteWebElement.java:84)
	at org.openqa.selenium.support.events.EventFiringWebDriver$EventFiringWebElement.lambda$new$0(EventFiringWebDriver.java:404)
	at com.sun.proxy.$Proxy11.click(Unknown Source)
	at org.openqa.selenium.support.events.EventFiringWebDriver$EventFiringWebElement.click(EventFiringWebDriver.java:417)
	at org.openqa.selenium.WebElement$click.call(Unknown Source)
	at com.kms.katalon.core.webui.keyword.builtin.ClickKeyword.clickUntilSuccessWithTimeout(ClickKeyword.groovy:81)
	at com.kms.katalon.core.webui.keyword.builtin.ClickKeyword.clickUntilSuccessWithTimeout(ClickKeyword.groovy)
	at com.kms.katalon.core.webui.keyword.builtin.ClickKeyword$_click_closure1.doCall(ClickKeyword.groovy:67)
	at com.kms.katalon.core.webui.keyword.builtin.ClickKeyword$_click_closure1.call(ClickKeyword.groovy)
	at com.kms.katalon.core.webui.keyword.internal.WebUIKeywordMain.runKeyword(WebUIKeywordMain.groovy:20)
	... 19 more]]></system-err>
      </testcase>
      <testcase name="Test Cases/Sprint 7/FCSCMS- 731/FCSCMS-1935-S7 (User should be able to select No on Save option)" time="2.924" classname="Test Cases/Sprint 7/FCSCMS- 731/FCSCMS-1935-S7 (User should be able to select No on Save option)" status="PASSED">
         <system-out><![CDATA[2022-03-30 19:17:20 - [TEST_CASE][PASSED] - Test Cases/Sprint 7/FCSCMS- 731/FCSCMS-1935-S7 (User should be able to select No on Save option): Test Cases/Sprint 7/FCSCMS- 731/FCSCMS-1935-S7 (User should be able to select No on Save option)

2022-03-30 19:17:21 - [TEST_STEP][PASSED] - click(findTestObject("Admin/Sprint 7/FCSCMS-731(NEW)/Modal Buttons/button_No(Save)")): Object: 'Object Repository/Admin/Sprint 7/FCSCMS-731(NEW)/Modal Buttons/button_No(Save)' is clicked on

2022-03-30 19:17:21 - [MESSAGE][PASSED] - Object: 'Object Repository/Admin/Sprint 7/FCSCMS-731(NEW)/Modal Buttons/button_No(Save)' is clicked on

2022-03-30 19:17:21 - [TEST_STEP][PASSED] - delay(2): Delayed 2 second(s)

2022-03-30 19:17:23 - [MESSAGE][PASSED] - Delayed 2 second(s)]]></system-out>
         <system-err><![CDATA[]]></system-err>
      </testcase>
      <testcase name="Test Cases/Sprint 7/FCSCMS- 731/FCSCMS-1936-S7 (User should be able to select Yes on Save option)" time="6.73" classname="Test Cases/Sprint 7/FCSCMS- 731/FCSCMS-1936-S7 (User should be able to select Yes on Save option)" status="PASSED">
         <system-out><![CDATA[2022-03-30 19:17:23 - [TEST_CASE][PASSED] - Test Cases/Sprint 7/FCSCMS- 731/FCSCMS-1936-S7 (User should be able to select Yes on Save option): Test Cases/Sprint 7/FCSCMS- 731/FCSCMS-1936-S7 (User should be able to select Yes on Save option)

2022-03-30 19:17:24 - [TEST_STEP][PASSED] - click(findTestObject("Admin/Sprint 7/FCSCMS-731(NEW)/EditProduct/Edit_Button")): Object: 'Object Repository/Admin/Sprint 7/FCSCMS-731(NEW)/EditProduct/Edit_Button' is clicked on

2022-03-30 19:17:24 - [MESSAGE][PASSED] - Object: 'Object Repository/Admin/Sprint 7/FCSCMS-731(NEW)/EditProduct/Edit_Button' is clicked on

2022-03-30 19:17:24 - [TEST_STEP][PASSED] - delay(2): Delayed 2 second(s)

2022-03-30 19:17:26 - [MESSAGE][PASSED] - Delayed 2 second(s)

2022-03-30 19:17:26 - [TEST_STEP][PASSED] - click(findTestObject("Admin/Sprint 7/FCSCMS-731(NEW)/Modal Buttons/button_Save")): Object: 'Object Repository/Admin/Sprint 7/FCSCMS-731(NEW)/Modal Buttons/button_Save' is clicked on

2022-03-30 19:17:26 - [MESSAGE][PASSED] - Object: 'Object Repository/Admin/Sprint 7/FCSCMS-731(NEW)/Modal Buttons/button_Save' is clicked on

2022-03-30 19:17:26 - [TEST_STEP][PASSED] - delay(2): Delayed 2 second(s)

2022-03-30 19:17:28 - [MESSAGE][PASSED] - Delayed 2 second(s)

2022-03-30 19:17:28 - [TEST_STEP][PASSED] - click(findTestObject("Admin/Sprint 7/FCSCMS-731(NEW)/Modal Buttons/button_Yes(Save)")): Object: 'Object Repository/Admin/Sprint 7/FCSCMS-731(NEW)/Modal Buttons/button_Yes(Save)' is clicked on

2022-03-30 19:17:29 - [MESSAGE][PASSED] - Object: 'Object Repository/Admin/Sprint 7/FCSCMS-731(NEW)/Modal Buttons/button_Yes(Save)' is clicked on

2022-03-30 19:17:29 - [TEST_STEP][PASSED] - delay(1): Delayed 1 second(s)

2022-03-30 19:17:30 - [MESSAGE][PASSED] - Delayed 1 second(s)]]></system-out>
         <system-err><![CDATA[]]></system-err>
      </testcase>
      <system-out><![CDATA[2022-03-30 19:14:52 - [TEST_SUITE][FAILED] - FCSCMS-731 (Product Catalog Management- View - Edit Product): Test Cases/Sprint 7/FCSCMS- 731/FCSCMS-1932-S7 (User should be able to select Yes on Cancel process) FAILED.
Reason:
com.kms.katalon.core.exception.StepFailedException: Unable to click on object 'Object Repository/Admin/Sprint 7/FCSCMS-731(NEW)/EditProduct/Edit_Button'
	at com.kms.katalon.core.webui.keyword.internal.WebUIKeywordMain.stepFailed(WebUIKeywordMain.groovy:64)
	at com.kms.katalon.core.webui.keyword.internal.WebUIKeywordMain.runKeyword(WebUIKeywordMain.groovy:26)
	at com.kms.katalon.core.webui.keyword.builtin.ClickKeyword.click(ClickKeyword.groovy:74)
	at com.kms.katalon.core.webui.keyword.builtin.ClickKeyword.execute(ClickKeyword.groovy:40)
	at com.kms.katalon.core.keyword.internal.KeywordExecutor.executeKeywordForPlatform(KeywordExecutor.groovy:74)
	at com.kms.katalon.core.webui.keyword.WebUiBuiltInKeywords.click(WebUiBuiltInKeywords.groovy:620)
	at com.kms.katalon.core.webui.keyword.WebUiBuiltInKeywords$click$3.call(Unknown Source)
	at FCSCMS-1932-S7 (User should be able to select Yes on Cancel process).run(FCSCMS-1932-S7 (User should be able to select Yes on Cancel process):21)
	at com.kms.katalon.core.main.ScriptEngine.run(ScriptEngine.java:194)
	at com.kms.katalon.core.main.ScriptEngine.runScriptAsRawText(ScriptEngine.java:119)
	at com.kms.katalon.core.main.TestCaseExecutor.runScript(TestCaseExecutor.java:442)
	at com.kms.katalon.core.main.TestCaseExecutor.doExecute(TestCaseExecutor.java:433)
	at com.kms.katalon.core.main.TestCaseExecutor.processExecutionPhase(TestCaseExecutor.java:412)
	at com.kms.katalon.core.main.TestCaseExecutor.accessMainPhase(TestCaseExecutor.java:404)
	at com.kms.katalon.core.main.TestCaseExecutor.execute(TestCaseExecutor.java:281)
	at com.kms.katalon.core.main.TestSuiteExecutor.accessTestCaseMainPhase(TestSuiteExecutor.java:202)
	at com.kms.katalon.core.main.TestSuiteExecutor.accessTestSuiteMainPhase(TestSuiteExecutor.java:164)
	at com.kms.katalon.core.main.TestSuiteExecutor.execute(TestSuiteExecutor.java:105)
	at com.kms.katalon.core.main.TestCaseMain.startTestSuite(TestCaseMain.java:185)
	at com.kms.katalon.core.main.TestCaseMain$startTestSuite$0.call(Unknown Source)
	at TempTestSuite1648638873722.run(TempTestSuite1648638873722.groovy:36)
Caused by: org.openqa.selenium.ElementClickInterceptedException: element click intercepted: Element <img data-image="" src="/Organization_UI/img/Common_LIB.Pencil.svg?r8b2ORsIcWH0Lj9V48JVHQ"> is not clickable at point (298, 300). Other element would receive the click: <div data-block="Interaction.Sidebar" class="OSBlockWidget popup-backdrop" id="b3-ProductDetailsPanel" data-popup-backdrop="">...</div>
  (Session info: chrome=99.0.4844.84)
Build info: version: '3.141.59', revision: 'e82be7d358', time: '2018-11-14T08:25:53'
System info: host: 'DESKTOP-S7SF50D', ip: '192.168.100.8', os.name: 'Windows 10', os.arch: 'amd64', os.version: '10.0', java.version: '1.8.0_181'
Driver info: com.kms.katalon.selenium.driver.CChromeDriver
Capabilities {acceptInsecureCerts: false, browserName: chrome, browserVersion: 99.0.4844.84, chrome: {chromedriverVersion: 99.0.4844.51 (d537ec02474b5..., userDataDir: C:\Users\me\AppData\Local\T...}, goog:chromeOptions: {debuggerAddress: localhost:62858}, javascriptEnabled: true, networkConnectionEnabled: false, pageLoadStrategy: normal, platform: WINDOWS, platformName: WINDOWS, proxy: Proxy(), setWindowRect: true, strictFileInteractability: false, timeouts: {implicit: 0, pageLoad: 300000, script: 30000}, unhandledPromptBehavior: dismiss and notify, webauthn:extension:credBlob: true, webauthn:extension:largeBlob: true, webauthn:virtualAuthenticators: true}
Session ID: 6e29fb1db336d707c7b126cf1be7ebc1
	at org.openqa.selenium.remote.http.W3CHttpResponseCodec.createException(W3CHttpResponseCodec.java:187)
	at org.openqa.selenium.remote.http.W3CHttpResponseCodec.decode(W3CHttpResponseCodec.java:122)
	at org.openqa.selenium.remote.http.W3CHttpResponseCodec.decode(W3CHttpResponseCodec.java:49)
	at org.openqa.selenium.remote.HttpCommandExecutor.execute(HttpCommandExecutor.java:158)
	at org.openqa.selenium.remote.service.DriverCommandExecutor.execute(DriverCommandExecutor.java:83)
	at org.openqa.selenium.remote.RemoteWebDriver.execute(RemoteWebDriver.java:552)
	at com.kms.katalon.selenium.driver.CChromeDriver.execute(CChromeDriver.java:19)
	at org.openqa.selenium.remote.RemoteWebElement.execute(RemoteWebElement.java:285)
	at org.openqa.selenium.remote.RemoteWebElement.click(RemoteWebElement.java:84)
	at org.openqa.selenium.support.events.EventFiringWebDriver$EventFiringWebElement.lambda$new$0(EventFiringWebDriver.java:404)
	at com.sun.proxy.$Proxy11.click(Unknown Source)
	at org.openqa.selenium.support.events.EventFiringWebDriver$EventFiringWebElement.click(EventFiringWebDriver.java:417)
	at org.openqa.selenium.WebElement$click.call(Unknown Source)
	at com.kms.katalon.core.webui.keyword.builtin.ClickKeyword.clickUntilSuccessWithTimeout(ClickKeyword.groovy:81)
	at com.kms.katalon.core.webui.keyword.builtin.ClickKeyword.clickUntilSuccessWithTimeout(ClickKeyword.groovy)
	at com.kms.katalon.core.webui.keyword.builtin.ClickKeyword$_click_closure1.doCall(ClickKeyword.groovy:67)
	at com.kms.katalon.core.webui.keyword.builtin.ClickKeyword$_click_closure1.call(ClickKeyword.groovy)
	at com.kms.katalon.core.webui.keyword.internal.WebUIKeywordMain.runKeyword(WebUIKeywordMain.groovy:20)
	... 19 more]]></system-out>
      <system-err><![CDATA[2022-03-30 19:14:52 - [TEST_SUITE][FAILED] - FCSCMS-731 (Product Catalog Management- View - Edit Product): Test Cases/Sprint 7/FCSCMS- 731/FCSCMS-1932-S7 (User should be able to select Yes on Cancel process) FAILED.
Reason:
com.kms.katalon.core.exception.StepFailedException: Unable to click on object 'Object Repository/Admin/Sprint 7/FCSCMS-731(NEW)/EditProduct/Edit_Button'
	at com.kms.katalon.core.webui.keyword.internal.WebUIKeywordMain.stepFailed(WebUIKeywordMain.groovy:64)
	at com.kms.katalon.core.webui.keyword.internal.WebUIKeywordMain.runKeyword(WebUIKeywordMain.groovy:26)
	at com.kms.katalon.core.webui.keyword.builtin.ClickKeyword.click(ClickKeyword.groovy:74)
	at com.kms.katalon.core.webui.keyword.builtin.ClickKeyword.execute(ClickKeyword.groovy:40)
	at com.kms.katalon.core.keyword.internal.KeywordExecutor.executeKeywordForPlatform(KeywordExecutor.groovy:74)
	at com.kms.katalon.core.webui.keyword.WebUiBuiltInKeywords.click(WebUiBuiltInKeywords.groovy:620)
	at com.kms.katalon.core.webui.keyword.WebUiBuiltInKeywords$click$3.call(Unknown Source)
	at FCSCMS-1932-S7 (User should be able to select Yes on Cancel process).run(FCSCMS-1932-S7 (User should be able to select Yes on Cancel process):21)
	at com.kms.katalon.core.main.ScriptEngine.run(ScriptEngine.java:194)
	at com.kms.katalon.core.main.ScriptEngine.runScriptAsRawText(ScriptEngine.java:119)
	at com.kms.katalon.core.main.TestCaseExecutor.runScript(TestCaseExecutor.java:442)
	at com.kms.katalon.core.main.TestCaseExecutor.doExecute(TestCaseExecutor.java:433)
	at com.kms.katalon.core.main.TestCaseExecutor.processExecutionPhase(TestCaseExecutor.java:412)
	at com.kms.katalon.core.main.TestCaseExecutor.accessMainPhase(TestCaseExecutor.java:404)
	at com.kms.katalon.core.main.TestCaseExecutor.execute(TestCaseExecutor.java:281)
	at com.kms.katalon.core.main.TestSuiteExecutor.accessTestCaseMainPhase(TestSuiteExecutor.java:202)
	at com.kms.katalon.core.main.TestSuiteExecutor.accessTestSuiteMainPhase(TestSuiteExecutor.java:164)
	at com.kms.katalon.core.main.TestSuiteExecutor.execute(TestSuiteExecutor.java:105)
	at com.kms.katalon.core.main.TestCaseMain.startTestSuite(TestCaseMain.java:185)
	at com.kms.katalon.core.main.TestCaseMain$startTestSuite$0.call(Unknown Source)
	at TempTestSuite1648638873722.run(TempTestSuite1648638873722.groovy:36)
Caused by: org.openqa.selenium.ElementClickInterceptedException: element click intercepted: Element <img data-image="" src="/Organization_UI/img/Common_LIB.Pencil.svg?r8b2ORsIcWH0Lj9V48JVHQ"> is not clickable at point (298, 300). Other element would receive the click: <div data-block="Interaction.Sidebar" class="OSBlockWidget popup-backdrop" id="b3-ProductDetailsPanel" data-popup-backdrop="">...</div>
  (Session info: chrome=99.0.4844.84)
Build info: version: '3.141.59', revision: 'e82be7d358', time: '2018-11-14T08:25:53'
System info: host: 'DESKTOP-S7SF50D', ip: '192.168.100.8', os.name: 'Windows 10', os.arch: 'amd64', os.version: '10.0', java.version: '1.8.0_181'
Driver info: com.kms.katalon.selenium.driver.CChromeDriver
Capabilities {acceptInsecureCerts: false, browserName: chrome, browserVersion: 99.0.4844.84, chrome: {chromedriverVersion: 99.0.4844.51 (d537ec02474b5..., userDataDir: C:\Users\me\AppData\Local\T...}, goog:chromeOptions: {debuggerAddress: localhost:62858}, javascriptEnabled: true, networkConnectionEnabled: false, pageLoadStrategy: normal, platform: WINDOWS, platformName: WINDOWS, proxy: Proxy(), setWindowRect: true, strictFileInteractability: false, timeouts: {implicit: 0, pageLoad: 300000, script: 30000}, unhandledPromptBehavior: dismiss and notify, webauthn:extension:credBlob: true, webauthn:extension:largeBlob: true, webauthn:virtualAuthenticators: true}
Session ID: 6e29fb1db336d707c7b126cf1be7ebc1
	at org.openqa.selenium.remote.http.W3CHttpResponseCodec.createException(W3CHttpResponseCodec.java:187)
	at org.openqa.selenium.remote.http.W3CHttpResponseCodec.decode(W3CHttpResponseCodec.java:122)
	at org.openqa.selenium.remote.http.W3CHttpResponseCodec.decode(W3CHttpResponseCodec.java:49)
	at org.openqa.selenium.remote.HttpCommandExecutor.execute(HttpCommandExecutor.java:158)
	at org.openqa.selenium.remote.service.DriverCommandExecutor.execute(DriverCommandExecutor.java:83)
	at org.openqa.selenium.remote.RemoteWebDriver.execute(RemoteWebDriver.java:552)
	at com.kms.katalon.selenium.driver.CChromeDriver.execute(CChromeDriver.java:19)
	at org.openqa.selenium.remote.RemoteWebElement.execute(RemoteWebElement.java:285)
	at org.openqa.selenium.remote.RemoteWebElement.click(RemoteWebElement.java:84)
	at org.openqa.selenium.support.events.EventFiringWebDriver$EventFiringWebElement.lambda$new$0(EventFiringWebDriver.java:404)
	at com.sun.proxy.$Proxy11.click(Unknown Source)
	at org.openqa.selenium.support.events.EventFiringWebDriver$EventFiringWebElement.click(EventFiringWebDriver.java:417)
	at org.openqa.selenium.WebElement$click.call(Unknown Source)
	at com.kms.katalon.core.webui.keyword.builtin.ClickKeyword.clickUntilSuccessWithTimeout(ClickKeyword.groovy:81)
	at com.kms.katalon.core.webui.keyword.builtin.ClickKeyword.clickUntilSuccessWithTimeout(ClickKeyword.groovy)
	at com.kms.katalon.core.webui.keyword.builtin.ClickKeyword$_click_closure1.doCall(ClickKeyword.groovy:67)
	at com.kms.katalon.core.webui.keyword.builtin.ClickKeyword$_click_closure1.call(ClickKeyword.groovy)
	at com.kms.katalon.core.webui.keyword.internal.WebUIKeywordMain.runKeyword(WebUIKeywordMain.groovy:20)
	... 19 more]]></system-err>
   </testsuite>
</testsuites>
