<?xml version="1.0" encoding="UTF-8"?>
<testsuites name="FCSCMS-21 (User, Role and Access Management User Login - Remember My Username)" time="518.7" tests="4" failures="0" errors="0">
   <testsuite name="FCSCMS-21 (User, Role and Access Management User Login - Remember My Username)" tests="4" failures="0" errors="0" time="518.7" skipped="0" timestamp="2022-04-07 23:45:27" hostname="Jen - LAPTOP-EHP7PH29" id="Test Suites/Sprint 1/FCSCMS-21 (User, Role and Access Management User Login - Remember My Username)">
      <properties>
         <property name="deviceName" value=""/>
         <property name="devicePlatform" value=""/>
         <property name="logFolder" value="C:\\Users\\Jen\\git\\Nexterus-Automation\\Reports\\20220407_234521\\Sprint 1\\FCSCMS-21 (User, Role and Access Management User Login - Remember My Username)\\20220407_234521"/>
         <property name="logFiles" value="C:\\Users\\Jen\\git\\Nexterus-Automation\\Reports\\20220407_234521\\Sprint 1\\FCSCMS-21 (User, Role and Access Management User Login - Remember My Username)\\20220407_234521\\execution0.log"/>
         <property name="attachments" value=""/>
         <property name="hostName" value="Jen - LAPTOP-EHP7PH29"/>
         <property name="os" value="Windows 10 64bit"/>
         <property name="katalonVersion" value="8.2.5.208"/>
         <property name="browser" value="Chrome 100.0.4896.75"/>
         <property name="hostAddress" value="192.168.5.75"/>
         <property name="sessionId" value="8a86b13bfcca2359b4d843a0f62cb60f"/>
         <property name="seleniumVersion" value="3.141.59"/>
         <property name="proxyInformation" value="ProxyInformation { proxyOption=NO_PROXY, proxyServerType=HTTP, username=, password=********, proxyServerAddress=, proxyServerPort=0, executionList=&quot;&quot;, isApplyToDesiredCapabilities=true }"/>
         <property name="platform" value="Windows 10"/>
      </properties>
      <testcase name="Test Cases/Sprint 1/FCSCMS-21/FCSCMS-271" time="11.848" classname="Test Cases/Sprint 1/FCSCMS-21/FCSCMS-271" status="PASSED">
         <system-out><![CDATA[2022-04-07 23:45:27 - [TEST_CASE][PASSED] - Test Cases/Sprint 1/FCSCMS-21/FCSCMS-271: Test Cases/Sprint 1/FCSCMS-21/FCSCMS-271

2022-04-07 23:45:28 - [TEST_STEP][PASSED] - openBrowser(""): Browser is opened with url: ''

2022-04-07 23:45:29 - [MESSAGE][INFO] - Starting 'Chrome' driver

2022-04-07 23:45:29 - [MESSAGE][INFO] - Action delay is set to 0 milliseconds

2022-04-07 23:45:32 - [MESSAGE][PASSED] - Browser is opened with url: ''

2022-04-07 23:45:32 - [TEST_STEP][PASSED] - navigateToUrl("https://nexterus-tst.outsystemsenterprise.com/FusionCenter/Login"): Navigate to 'https://nexterus-tst.outsystemsenterprise.com/FusionCenter/Login' successfully

2022-04-07 23:45:35 - [MESSAGE][PASSED] - Navigate to 'https://nexterus-tst.outsystemsenterprise.com/FusionCenter/Login' successfully

2022-04-07 23:45:35 - [TEST_STEP][PASSED] - maximizeWindow(): Current window maximized

2022-04-07 23:45:35 - [MESSAGE][PASSED] - Current window maximized

2022-04-07 23:45:35 - [TEST_STEP][PASSED] - delay(3): Delayed 3 second(s)

2022-04-07 23:45:38 - [MESSAGE][PASSED] - Delayed 3 second(s)

2022-04-07 23:45:38 - [TEST_STEP][PASSED] - setText(findTestObject("Login/Username_Field"), "anonymous"): Text 'anonymous' is set on object 'Object Repository/Login/Username_Field'

2022-04-07 23:45:39 - [MESSAGE][PASSED] - Text 'anonymous' is set on object 'Object Repository/Login/Username_Field']]></system-out>
         <system-err><![CDATA[]]></system-err>
      </testcase>
      <testcase name="Test Cases/Sprint 1/FCSCMS-21/FCSCMS-272" time="3.846" classname="Test Cases/Sprint 1/FCSCMS-21/FCSCMS-272" status="PASSED">
         <system-out><![CDATA[2022-04-07 23:45:39 - [TEST_CASE][PASSED] - Test Cases/Sprint 1/FCSCMS-21/FCSCMS-272: Test Cases/Sprint 1/FCSCMS-21/FCSCMS-272

2022-04-07 23:45:40 - [TEST_STEP][PASSED] - delay(1): Delayed 1 second(s)

2022-04-07 23:45:41 - [MESSAGE][PASSED] - Delayed 1 second(s)

2022-04-07 23:45:41 - [TEST_STEP][PASSED] - setText(findTestObject("Login/Password_Field"), "anon"): Text 'anon' is set on object 'Object Repository/Login/Password_Field'

2022-04-07 23:45:42 - [MESSAGE][PASSED] - Text 'anon' is set on object 'Object Repository/Login/Password_Field'

2022-04-07 23:45:42 - [TEST_STEP][PASSED] - delay(1): Delayed 1 second(s)

2022-04-07 23:45:43 - [MESSAGE][PASSED] - Delayed 1 second(s)]]></system-out>
         <system-err><![CDATA[]]></system-err>
      </testcase>
      <testcase name="Test Cases/Sprint 1/FCSCMS-21/FCSCMS-273" time="3.099" classname="Test Cases/Sprint 1/FCSCMS-21/FCSCMS-273" status="PASSED">
         <system-out><![CDATA[2022-04-07 23:45:43 - [TEST_CASE][PASSED] - Test Cases/Sprint 1/FCSCMS-21/FCSCMS-273: Test Cases/Sprint 1/FCSCMS-21/FCSCMS-273

2022-04-07 23:45:44 - [TEST_STEP][PASSED] - click(findTestObject("Login/RememberUser_Checkbox")): Object: 'Object Repository/Login/RememberUser_Checkbox' is clicked on

2022-04-07 23:45:45 - [MESSAGE][PASSED] - Object: 'Object Repository/Login/RememberUser_Checkbox' is clicked on

2022-04-07 23:45:45 - [TEST_STEP][PASSED] - delay(1): Delayed 1 second(s)

2022-04-07 23:45:46 - [MESSAGE][PASSED] - Delayed 1 second(s)]]></system-out>
         <system-err><![CDATA[]]></system-err>
      </testcase>
      <testcase name="Test Cases/Sprint 1/FCSCMS-21/FCSCMS-274" time="499.201" classname="Test Cases/Sprint 1/FCSCMS-21/FCSCMS-274" status="PASSED">
         <system-out><![CDATA[2022-04-07 23:45:46 - [TEST_CASE][PASSED] - Test Cases/Sprint 1/FCSCMS-21/FCSCMS-274: Test Cases/Sprint 1/FCSCMS-21/FCSCMS-274

2022-04-07 23:45:48 - [TEST_STEP][PASSED] - click(findTestObject("Login/BTN_Login")): Object: 'Object Repository/Login/BTN_Login' is clicked on

2022-04-07 23:45:49 - [MESSAGE][PASSED] - Object: 'Object Repository/Login/BTN_Login' is clicked on

2022-04-07 23:45:49 - [TEST_STEP][PASSED] - delay(3): Delayed 3 second(s)

2022-04-07 23:45:52 - [MESSAGE][PASSED] - Delayed 3 second(s)

2022-04-07 23:45:52 - [TEST_STEP][PASSED] - click(findTestObject("Logout/Profile_Dropdown")): Object: 'Object Repository/Logout/Profile_Dropdown' is clicked on

2022-04-07 23:45:58 - [MESSAGE][PASSED] - Object: 'Object Repository/Logout/Profile_Dropdown' is clicked on

2022-04-07 23:45:58 - [TEST_STEP][PASSED] - delay(1): Delayed 1 second(s)

2022-04-07 23:45:59 - [MESSAGE][PASSED] - Delayed 1 second(s)

2022-04-07 23:45:59 - [TEST_STEP][PASSED] - click(findTestObject("Logout/Logout_BTN")): Object: 'Object Repository/Logout/Logout_BTN' is clicked on

2022-04-07 23:47:00 - [MESSAGE][INFO] - Unable to find the element located by 'By.xpath: //div[@id='b1-b3-b2-Items']/div[2]/a/span'. Please recheck the objects properties to make sure the desired element is located. 

2022-04-07 23:47:00 - [MESSAGE][WARNING] - [SELF-HEALING] Failed to find element with id 'Object Repository/Logout/Logout_BTN'. Try using Self-healing.

2022-04-07 23:47:30 - [MESSAGE][INFO] - [SELF-HEALING] Failed Locator: '//div[@id='b1-b3-b2-Items']/div[2]/a/span'.

2022-04-07 23:48:00 - [MESSAGE][INFO] - [SELF-HEALING] Working Locator: '(.//*[normalize-space(text()) and normalize-space(.)='anonymous'])[1]/following::span[1]'.

2022-04-07 23:48:00 - [MESSAGE][INFO] - [SELF-HEALING] Screenshot: C:/Users/Jen/git/Nexterus-Automation/Reports/Self-healing/Object Repository/Logout/Logout_BTN_neighbor.png

2022-04-07 23:48:00 - [MESSAGE][WARNING] - [SELF-HEALING] The current locator of test object 'Object Repository/Logout/Logout_BTN' was broken. Propose an alternative one: '(.//*[normalize-space(text()) and normalize-space(.)='anonymous'])[1]/following::span[1]'.

2022-04-07 23:48:00 - [MESSAGE][PASSED] - Object: 'Object Repository/Logout/Logout_BTN' is clicked on

2022-04-07 23:48:00 - [TEST_STEP][PASSED] - delay(2): Delayed 2 second(s)

2022-04-07 23:48:02 - [MESSAGE][PASSED] - Delayed 2 second(s)

2022-04-07 23:48:02 - [TEST_STEP][PASSED] - click(findTestObject("Logout/button_Yes(LogoutModal)")): Object: 'Object Repository/Logout/button_Yes(LogoutModal)' is clicked on

2022-04-07 23:49:02 - [MESSAGE][INFO] - Unable to find the element located by 'By.xpath: (//button[@type='button'])[2]'. Please recheck the objects properties to make sure the desired element is located. 

2022-04-07 23:49:02 - [MESSAGE][WARNING] - [SELF-HEALING] Failed to find element with id 'Object Repository/Logout/button_Yes(LogoutModal)'. Try using Self-healing.

2022-04-07 23:49:32 - [MESSAGE][INFO] - [SELF-HEALING] Failed Locator: '(//button[@type='button'])[2]'.

2022-04-07 23:50:02 - [MESSAGE][INFO] - [SELF-HEALING] Failed Locator: '(.//*[normalize-space(text()) and normalize-space(.)='No'])[1]/following::button[1]'.

2022-04-07 23:50:32 - [MESSAGE][INFO] - [SELF-HEALING] Failed Locator: '(.//*[normalize-space(text()) and normalize-space(.)='Are you sure you want to log out of the application?'])[1]/following::button[2]'.

2022-04-07 23:51:02 - [MESSAGE][INFO] - [SELF-HEALING] Failed Locator: '//*/text()[normalize-space(.)='Yes']/parent::*'.

2022-04-07 23:51:32 - [MESSAGE][INFO] - [SELF-HEALING] Working Locator: '//button[2]'.

2022-04-07 23:51:33 - [MESSAGE][INFO] - [SELF-HEALING] Screenshot: C:/Users/Jen/git/Nexterus-Automation/Reports/Self-healing/Object Repository/Logout/button_Yes(LogoutModal)_position.png

2022-04-07 23:51:33 - [MESSAGE][WARNING] - [SELF-HEALING] The current locator of test object 'Object Repository/Logout/button_Yes(LogoutModal)' was broken. Propose an alternative one: '//button[2]'.

2022-04-07 23:51:33 - [MESSAGE][PASSED] - Object: 'Object Repository/Logout/button_Yes(LogoutModal)' is clicked on

2022-04-07 23:51:33 - [TEST_STEP][PASSED] - delay(2): Delayed 2 second(s)

2022-04-07 23:51:35 - [MESSAGE][PASSED] - Delayed 2 second(s)

2022-04-07 23:51:35 - [TEST_STEP][PASSED] - text = getText(findTestObject("Login/Username_Field")): Text of object 'Object Repository/Login/Username_Field' is: ''

2022-04-07 23:52:35 - [MESSAGE][INFO] - Unable to find the element located by 'By.xpath: //input[@id='Input_UsernameVal']'. Please recheck the objects properties to make sure the desired element is located. 

2022-04-07 23:52:35 - [MESSAGE][WARNING] - [SELF-HEALING] Failed to find element with id 'Object Repository/Login/Username_Field'. Try using Self-healing.

2022-04-07 23:53:05 - [MESSAGE][INFO] - [SELF-HEALING] Failed Locator: '//input[@id='Input_UsernameVal']'.

2022-04-07 23:53:35 - [MESSAGE][INFO] - [SELF-HEALING] Failed Locator: '//div[@id='b4-Input']/span/input'.

2022-04-07 23:54:05 - [MESSAGE][INFO] - [SELF-HEALING] Working Locator: '//input'.

2022-04-07 23:54:05 - [MESSAGE][ERROR] - [SELF-HEALING] Cannot save screenshot to: C:\Users\Jen\git\Nexterus-Automation\Reports\Self-healing, reason: unknown error: unhandled inspector error: {"code":-32000,"message":"Cannot take screenshot with 0 width."}
  (Session info: chrome=100.0.4896.75)
Build info: version: '3.141.59', revision: 'e82be7d358', time: '2018-11-14T08:25:53'
System info: host: 'LAPTOP-EHP7PH29', ip: '192.168.5.75', os.name: 'Windows 10', os.arch: 'amd64', os.version: '10.0', java.version: '1.8.0_282'
Driver info: com.kms.katalon.selenium.driver.CChromeDriver
Capabilities {acceptInsecureCerts: false, browserName: chrome, browserVersion: 100.0.4896.75, chrome: {chromedriverVersion: 100.0.4896.60 (6a5d10861ce8..., userDataDir: C:\Users\Jen\AppData\Local\...}, goog:chromeOptions: {debuggerAddress: localhost:62138}, javascriptEnabled: true, networkConnectionEnabled: false, pageLoadStrategy: normal, platform: WINDOWS, platformName: WINDOWS, proxy: Proxy(), setWindowRect: true, strictFileInteractability: false, timeouts: {implicit: 0, pageLoad: 300000, script: 30000}, unhandledPromptBehavior: dismiss and notify, webauthn:extension:credBlob: true, webauthn:extension:largeBlob: true, webauthn:virtualAuthenticators: true}
Session ID: 8a86b13bfcca2359b4d843a0f62cb60f.

2022-04-07 23:54:05 - [MESSAGE][ERROR] - [SELF-HEALING] Cannot save screenshot to: C:\Users\Jen\git\Nexterus-Automation\Reports\Self-healing, reason: unknown error: unhandled inspector error: {"code":-32000,"message":"Cannot take screenshot with 0 width."}
  (Session info: chrome=100.0.4896.75)
Build info: version: '3.141.59', revision: 'e82be7d358', time: '2018-11-14T08:25:53'
System info: host: 'LAPTOP-EHP7PH29', ip: '192.168.5.75', os.name: 'Windows 10', os.arch: 'amd64', os.version: '10.0', java.version: '1.8.0_282'
Driver info: com.kms.katalon.selenium.driver.CChromeDriver
Capabilities {acceptInsecureCerts: false, browserName: chrome, browserVersion: 100.0.4896.75, chrome: {chromedriverVersion: 100.0.4896.60 (6a5d10861ce8..., userDataDir: C:\Users\Jen\AppData\Local\...}, goog:chromeOptions: {debuggerAddress: localhost:62138}, javascriptEnabled: true, networkConnectionEnabled: false, pageLoadStrategy: normal, platform: WINDOWS, platformName: WINDOWS, proxy: Proxy(), setWindowRect: true, strictFileInteractability: false, timeouts: {implicit: 0, pageLoad: 300000, script: 30000}, unhandledPromptBehavior: dismiss and notify, webauthn:extension:credBlob: true, webauthn:extension:largeBlob: true, webauthn:virtualAuthenticators: true}
Session ID: 8a86b13bfcca2359b4d843a0f62cb60f.

2022-04-07 23:54:05 - [MESSAGE][ERROR] - [SELF-HEALING] Cannot save screenshot to: C:\Users\Jen\git\Nexterus-Automation\Reports\Self-healing, reason: unknown error: unhandled inspector error: {"code":-32000,"message":"Cannot take screenshot with 0 width."}
  (Session info: chrome=100.0.4896.75)
Build info: version: '3.141.59', revision: 'e82be7d358', time: '2018-11-14T08:25:53'
System info: host: 'LAPTOP-EHP7PH29', ip: '192.168.5.75', os.name: 'Windows 10', os.arch: 'amd64', os.version: '10.0', java.version: '1.8.0_282'
Driver info: com.kms.katalon.selenium.driver.CChromeDriver
Capabilities {acceptInsecureCerts: false, browserName: chrome, browserVersion: 100.0.4896.75, chrome: {chromedriverVersion: 100.0.4896.60 (6a5d10861ce8..., userDataDir: C:\Users\Jen\AppData\Local\...}, goog:chromeOptions: {debuggerAddress: localhost:62138}, javascriptEnabled: true, networkConnectionEnabled: false, pageLoadStrategy: normal, platform: WINDOWS, platformName: WINDOWS, proxy: Proxy(), setWindowRect: true, strictFileInteractability: false, timeouts: {implicit: 0, pageLoad: 300000, script: 30000}, unhandledPromptBehavior: dismiss and notify, webauthn:extension:credBlob: true, webauthn:extension:largeBlob: true, webauthn:virtualAuthenticators: true}
Session ID: 8a86b13bfcca2359b4d843a0f62cb60f.

2022-04-07 23:54:05 - [MESSAGE][WARNING] - [SELF-HEALING] The current locator of test object 'Object Repository/Login/Username_Field' was broken. Propose an alternative one: '//input'.

2022-04-07 23:54:05 - [MESSAGE][PASSED] - Text of object 'Object Repository/Login/Username_Field' is: ''

2022-04-07 23:54:05 - [TEST_STEP][PASSED] - if (text.contains("anonymous")): null]]></system-out>
         <system-err><![CDATA[]]></system-err>
      </testcase>
      <system-out><![CDATA[2022-04-07 23:45:27 - [TEST_SUITE][PASSED] - FCSCMS-21 (User, Role and Access Management User Login - Remember My Username): Test Cases/Sprint 1/FCSCMS-21/FCSCMS-274]]></system-out>
      <system-err><![CDATA[]]></system-err>
   </testsuite>
</testsuites>
